2019-06-21 15:36:28,406 Offloading BF
2019-06-21 15:36:28,422 K1:VIS-PRM_COMMISH_MESSAGE => OffLoading BF
2019-06-21 15:36:28,568 K1:STEPPER-PR0_GAS_2_ACC => 100.0
2019-06-21 15:36:28,638 K1:STEPPER-PR0_GAS_2_VEL => 100.0
2019-06-21 15:36:38,639 initial output value is -295.318969
2019-06-21 15:41:15,977 Offloading BF
2019-06-21 15:41:26,142 initial output value is -295.136682
2019-06-21 15:41:26,183 K1:VIS-PRM_COMMISH_MESSAGE => Done
2019-06-21 15:41:26,297 K1:STEPPER-PR0_GAS_2_UPDATE => 1
2019-06-21 15:41:26,308 K1:STEPPER-PR0_GAS_2_UPDATE => 0
2019-06-21 15:41:26,309 finishing Offload BF
2019-06-21 15:41:26,309 Offloading SF
2019-06-21 15:41:36,554 initial output value is 821.659576
2019-06-21 15:41:36,671 K1:STEPPER-PR0_GAS_3_UPDATE => 1
2019-06-21 15:41:36,673 K1:STEPPER-PR0_GAS_3_UPDATE => 0
2019-06-21 15:41:36,673 finishing Offload SF
2019-06-21 15:41:36,676 K1:VIS-PR0_BO_ENCODE_STEP_GAS_SW => 0
2019-06-21 16:26:41,205 K1:VIS-PR0_BO_ENCODE_STEP_GAS_SW => 1
2019-06-21 16:26:41,206 Checking BF
2019-06-21 16:27:14,460 Checking BF
