INFO:root:Start time: 1227291447.0
INFO:root:Duration: 900.0
INFO:root:Connected to NDS host k1nds1:8088
INFO:root:Updating PRM...
INFO:root:    P: 
INFO:root:    K1:VIS-PRM_BF_DAMP_P_INMON.HIHI: 4971.37597656
INFO:root:    K1:VIS-PRM_BF_DAMP_P_INMON.HIGH: 4891.37597656
INFO:root:    K1:VIS-PRM_BF_DAMP_P_INMON.LOW: 4851.37597656
INFO:root:    K1:VIS-PRM_BF_DAMP_P_INMON.LOLO: 4771.37597656
INFO:root:    Y: 
INFO:root:    K1:VIS-PRM_BF_DAMP_Y_INMON.HIHI: 1617.4876709
INFO:root:    K1:VIS-PRM_BF_DAMP_Y_INMON.HIGH: 1557.4876709
INFO:root:    K1:VIS-PRM_BF_DAMP_Y_INMON.LOW: 1527.4876709
INFO:root:    K1:VIS-PRM_BF_DAMP_Y_INMON.LOLO: 1467.4876709
INFO:root:    V: 
INFO:root:    K1:VIS-PRM_BF_DAMP_V_INMON.HIHI: 74.7939303368
INFO:root:    K1:VIS-PRM_BF_DAMP_V_INMON.HIGH: 14.7939303368
INFO:root:    K1:VIS-PRM_BF_DAMP_V_INMON.LOW: -15.2060696632
INFO:root:    K1:VIS-PRM_BF_DAMP_V_INMON.LOLO: -75.2060696632
INFO:root:Updating PR2...
INFO:root:    P: 
INFO:root:    K1:VIS-PR2_BF_DAMP_P_INMON.HIHI: -2785.43334961
INFO:root:    K1:VIS-PR2_BF_DAMP_P_INMON.HIGH: -2905.43334961
INFO:root:    K1:VIS-PR2_BF_DAMP_P_INMON.LOW: -2965.43334961
INFO:root:    K1:VIS-PR2_BF_DAMP_P_INMON.LOLO: -3085.43334961
INFO:root:    Y: 
INFO:root:    K1:VIS-PR2_BF_DAMP_Y_INMON.HIHI: -2124.87329102
INFO:root:    K1:VIS-PR2_BF_DAMP_Y_INMON.HIGH: -2224.87329102
INFO:root:    K1:VIS-PR2_BF_DAMP_Y_INMON.LOW: -2274.87329102
INFO:root:    K1:VIS-PR2_BF_DAMP_Y_INMON.LOLO: -2374.87329102
INFO:root:    V: 
INFO:root:    K1:VIS-PR2_BF_DAMP_V_INMON.HIHI: -1625.31274414
INFO:root:    K1:VIS-PR2_BF_DAMP_V_INMON.HIGH: -1685.31274414
INFO:root:    K1:VIS-PR2_BF_DAMP_V_INMON.LOW: -1715.31274414
INFO:root:    K1:VIS-PR2_BF_DAMP_V_INMON.LOLO: -1775.31274414
INFO:root:Updating PR3...
INFO:root:    P: 
INFO:root:    K1:VIS-PR3_BF_DAMP_P_INMON.HIHI: -913.307373047
INFO:root:    K1:VIS-PR3_BF_DAMP_P_INMON.HIGH: -933.307373047
INFO:root:    K1:VIS-PR3_BF_DAMP_P_INMON.LOW: -943.307373047
INFO:root:    K1:VIS-PR3_BF_DAMP_P_INMON.LOLO: -963.307373047
INFO:root:    Y: 
INFO:root:    K1:VIS-PR3_BF_DAMP_Y_INMON.HIHI: 5663.27685547
INFO:root:    K1:VIS-PR3_BF_DAMP_Y_INMON.HIGH: 5643.27685547
INFO:root:    K1:VIS-PR3_BF_DAMP_Y_INMON.LOW: 5633.27685547
INFO:root:    K1:VIS-PR3_BF_DAMP_Y_INMON.LOLO: 5613.27685547
INFO:root:    V: 
INFO:root:    K1:VIS-PR3_BF_DAMP_V_INMON.HIHI: 507.581970215
INFO:root:    K1:VIS-PR3_BF_DAMP_V_INMON.HIGH: 447.581970215
INFO:root:    K1:VIS-PR3_BF_DAMP_V_INMON.LOW: 417.581970215
INFO:root:    K1:VIS-PR3_BF_DAMP_V_INMON.LOLO: 357.581970215
INFO:root:Updating SRM...
INFO:root:    P: 
INFO:root:    K1:VIS-SRM_IM_DAMP_P_INMON.HIHI: 3254.22998047
INFO:root:    K1:VIS-SRM_IM_DAMP_P_INMON.HIGH: 3174.22998047
INFO:root:    K1:VIS-SRM_IM_DAMP_P_INMON.LOW: 3134.22998047
INFO:root:    K1:VIS-SRM_IM_DAMP_P_INMON.LOLO: 3054.22998047
INFO:root:    Y: 
INFO:root:    K1:VIS-SRM_IM_DAMP_Y_INMON.HIHI: -4985.23388672
INFO:root:    K1:VIS-SRM_IM_DAMP_Y_INMON.HIGH: -5185.23388672
INFO:root:    K1:VIS-SRM_IM_DAMP_Y_INMON.LOW: -5285.23388672
INFO:root:    K1:VIS-SRM_IM_DAMP_Y_INMON.LOLO: -5485.23388672
INFO:root:    V: 
INFO:root:    K1:VIS-SRM_IM_DAMP_V_INMON.HIHI: -118.08732605
INFO:root:    K1:VIS-SRM_IM_DAMP_V_INMON.HIGH: -178.08732605
INFO:root:    K1:VIS-SRM_IM_DAMP_V_INMON.LOW: -208.08732605
INFO:root:    K1:VIS-SRM_IM_DAMP_V_INMON.LOLO: -268.08732605
INFO:root:Updating SR2...
INFO:root:    P: 
INFO:root:    K1:VIS-SR2_IM_DAMP_P_INMON.HIHI: -89.6596069336
INFO:root:    K1:VIS-SR2_IM_DAMP_P_INMON.HIGH: -169.659606934
INFO:root:    K1:VIS-SR2_IM_DAMP_P_INMON.LOW: -209.659606934
INFO:root:    K1:VIS-SR2_IM_DAMP_P_INMON.LOLO: -289.659606934
INFO:root:    Y: 
INFO:root:    K1:VIS-SR2_IM_DAMP_Y_INMON.HIHI: 4191.54516602
INFO:root:    K1:VIS-SR2_IM_DAMP_Y_INMON.HIGH: 4071.54516602
INFO:root:    K1:VIS-SR2_IM_DAMP_Y_INMON.LOW: 4011.54516602
INFO:root:    K1:VIS-SR2_IM_DAMP_Y_INMON.LOLO: 3891.54516602
INFO:root:    V: 
INFO:root:    K1:VIS-SR2_IM_DAMP_V_INMON.HIHI: 149.521352768
INFO:root:    K1:VIS-SR2_IM_DAMP_V_INMON.HIGH: 49.5213527679
INFO:root:    K1:VIS-SR2_IM_DAMP_V_INMON.LOW: -0.478647232056
INFO:root:    K1:VIS-SR2_IM_DAMP_V_INMON.LOLO: -100.478647232
INFO:root:Updating SR3...
INFO:root:    P: 
INFO:root:    K1:VIS-SR3_IM_DAMP_P_INMON.HIHI: 168.114654541
INFO:root:    K1:VIS-SR3_IM_DAMP_P_INMON.HIGH: 148.114654541
INFO:root:    K1:VIS-SR3_IM_DAMP_P_INMON.LOW: 138.114654541
INFO:root:    K1:VIS-SR3_IM_DAMP_P_INMON.LOLO: 118.114654541
INFO:root:    Y: 
INFO:root:    K1:VIS-SR3_IM_DAMP_Y_INMON.HIHI: 6479.55761719
INFO:root:    K1:VIS-SR3_IM_DAMP_Y_INMON.HIGH: 6459.55761719
INFO:root:    K1:VIS-SR3_IM_DAMP_Y_INMON.LOW: 6449.55761719
INFO:root:    K1:VIS-SR3_IM_DAMP_Y_INMON.LOLO: 6429.55761719
INFO:root:    V: 
INFO:root:    K1:VIS-SR3_IM_DAMP_V_INMON.HIHI: 650.40625
INFO:root:    K1:VIS-SR3_IM_DAMP_V_INMON.HIGH: 590.40625
INFO:root:    K1:VIS-SR3_IM_DAMP_V_INMON.LOW: 560.40625
INFO:root:    K1:VIS-SR3_IM_DAMP_V_INMON.LOLO: 500.40625
INFO:root:Updating ITMX...
INFO:root:    P: 
INFO:root:    K1:VIS-ITMX_BF_DAMP_P_INMON.HIHI: -451.135925293
INFO:root:    K1:VIS-ITMX_BF_DAMP_P_INMON.HIGH: -511.135925293
INFO:root:    K1:VIS-ITMX_BF_DAMP_P_INMON.LOW: -541.135925293
INFO:root:    K1:VIS-ITMX_BF_DAMP_P_INMON.LOLO: -601.135925293
INFO:root:    Y: 
INFO:root:    K1:VIS-ITMX_BF_DAMP_Y_INMON.HIHI: 156.084213257
INFO:root:    K1:VIS-ITMX_BF_DAMP_Y_INMON.HIGH: 136.084213257
INFO:root:    K1:VIS-ITMX_BF_DAMP_Y_INMON.LOW: 126.084213257
INFO:root:    K1:VIS-ITMX_BF_DAMP_Y_INMON.LOLO: 106.084213257
INFO:root:    V: 
INFO:root:    K1:VIS-ITMX_BF_DAMP_V_INMON.HIHI: -402.234771729
INFO:root:    K1:VIS-ITMX_BF_DAMP_V_INMON.HIGH: -482.234771729
INFO:root:    K1:VIS-ITMX_BF_DAMP_V_INMON.LOW: -522.234771729
INFO:root:    K1:VIS-ITMX_BF_DAMP_V_INMON.LOLO: -602.234771729
INFO:root:Updating ITMY...
INFO:root:    P: 
INFO:root:    K1:VIS-ITMY_BF_DAMP_P_INMON.HIHI: -1861.6348877
INFO:root:    K1:VIS-ITMY_BF_DAMP_P_INMON.HIGH: -1921.6348877
INFO:root:    K1:VIS-ITMY_BF_DAMP_P_INMON.LOW: -1951.6348877
INFO:root:    K1:VIS-ITMY_BF_DAMP_P_INMON.LOLO: -2011.6348877
INFO:root:    Y: 
INFO:root:    K1:VIS-ITMY_BF_DAMP_Y_INMON.HIHI: -346.508911133
INFO:root:    K1:VIS-ITMY_BF_DAMP_Y_INMON.HIGH: -366.508911133
INFO:root:    K1:VIS-ITMY_BF_DAMP_Y_INMON.LOW: -376.508911133
INFO:root:    K1:VIS-ITMY_BF_DAMP_Y_INMON.LOLO: -396.508911133
INFO:root:    V: 
INFO:root:    K1:VIS-ITMY_BF_DAMP_V_INMON.HIHI: -658.739562988
INFO:root:    K1:VIS-ITMY_BF_DAMP_V_INMON.HIGH: -738.739562988
INFO:root:    K1:VIS-ITMY_BF_DAMP_V_INMON.LOW: -778.739562988
INFO:root:    K1:VIS-ITMY_BF_DAMP_V_INMON.LOLO: -858.739562988
INFO:root:Updating ETMX...
INFO:root:    P: 
INFO:root:    K1:VIS-ETMX_BF_DAMP_P_INMON.HIHI: -3808.04882812
INFO:root:    K1:VIS-ETMX_BF_DAMP_P_INMON.HIGH: -3868.04882812
INFO:root:    K1:VIS-ETMX_BF_DAMP_P_INMON.LOW: -3898.04882812
INFO:root:    K1:VIS-ETMX_BF_DAMP_P_INMON.LOLO: -3958.04882812
INFO:root:    Y: 
INFO:root:    K1:VIS-ETMX_BF_DAMP_Y_INMON.HIHI: -1384.61975098
INFO:root:    K1:VIS-ETMX_BF_DAMP_Y_INMON.HIGH: -1404.61975098
INFO:root:    K1:VIS-ETMX_BF_DAMP_Y_INMON.LOW: -1414.61975098
INFO:root:    K1:VIS-ETMX_BF_DAMP_Y_INMON.LOLO: -1434.61975098
INFO:root:    V: 
INFO:root:    K1:VIS-ETMX_BF_DAMP_V_INMON.HIHI: 4910.9296875
INFO:root:    K1:VIS-ETMX_BF_DAMP_V_INMON.HIGH: 4830.9296875
INFO:root:    K1:VIS-ETMX_BF_DAMP_V_INMON.LOW: 4790.9296875
INFO:root:    K1:VIS-ETMX_BF_DAMP_V_INMON.LOLO: 4710.9296875
INFO:root:Updating ETMY...
INFO:root:    P: 
INFO:root:    K1:VIS-ETMY_BF_DAMP_P_INMON.HIHI: -1784.61730957
INFO:root:    K1:VIS-ETMY_BF_DAMP_P_INMON.HIGH: -1844.61730957
INFO:root:    K1:VIS-ETMY_BF_DAMP_P_INMON.LOW: -1874.61730957
INFO:root:    K1:VIS-ETMY_BF_DAMP_P_INMON.LOLO: -1934.61730957
INFO:root:    Y: 
INFO:root:    K1:VIS-ETMY_BF_DAMP_Y_INMON.HIHI: 4009.65307617
INFO:root:    K1:VIS-ETMY_BF_DAMP_Y_INMON.HIGH: 3989.65307617
INFO:root:    K1:VIS-ETMY_BF_DAMP_Y_INMON.LOW: 3979.65307617
INFO:root:    K1:VIS-ETMY_BF_DAMP_Y_INMON.LOLO: 3959.65307617
INFO:root:    V: 
INFO:root:    K1:VIS-ETMY_BF_DAMP_V_INMON.HIHI: -3692.84619141
INFO:root:    K1:VIS-ETMY_BF_DAMP_V_INMON.HIGH: -3772.84619141
INFO:root:    K1:VIS-ETMY_BF_DAMP_V_INMON.LOW: -3812.84619141
INFO:root:    K1:VIS-ETMY_BF_DAMP_V_INMON.LOLO: -3892.84619141
INFO:root:Updating BS...
INFO:root:    P: 
INFO:root:    K1:VIS-BS_IM_DAMP_P_INMON.HIHI: -1271.2935791
INFO:root:    K1:VIS-BS_IM_DAMP_P_INMON.HIGH: -1351.2935791
INFO:root:    K1:VIS-BS_IM_DAMP_P_INMON.LOW: -1391.2935791
INFO:root:    K1:VIS-BS_IM_DAMP_P_INMON.LOLO: -1471.2935791
INFO:root:    Y: 
INFO:root:    K1:VIS-BS_IM_DAMP_Y_INMON.HIHI: 1009.52655029
INFO:root:    K1:VIS-BS_IM_DAMP_Y_INMON.HIGH: 989.526550293
INFO:root:    K1:VIS-BS_IM_DAMP_Y_INMON.LOW: 979.526550293
INFO:root:    K1:VIS-BS_IM_DAMP_Y_INMON.LOLO: 959.526550293
INFO:root:    V: 
INFO:root:    K1:VIS-BS_IM_DAMP_V_INMON.HIHI: -144.44140625
INFO:root:    K1:VIS-BS_IM_DAMP_V_INMON.HIGH: -224.44140625
INFO:root:    K1:VIS-BS_IM_DAMP_V_INMON.LOW: -264.44140625
INFO:root:    K1:VIS-BS_IM_DAMP_V_INMON.LOLO: -344.44140625
INFO:root:Update completed successfully
