INFO:root:Start time: 1233656567.0
INFO:root:Duration: 600.0
INFO:root:Connected to NDS host k1nds1:8088
INFO:root:Updating PRM...
INFO:root:    P: 
INFO:root:    K1:VIS-PRM_BF_DAMP_P_INMON.HIHI: 5571.13427734
INFO:root:    K1:VIS-PRM_BF_DAMP_P_INMON.HIGH: 5491.13427734
INFO:root:    K1:VIS-PRM_BF_DAMP_P_INMON.LOW: 5451.13427734
INFO:root:    K1:VIS-PRM_BF_DAMP_P_INMON.LOLO: 5371.13427734
INFO:root:    Y: 
INFO:root:    K1:VIS-PRM_BF_DAMP_Y_INMON.HIHI: 1434.23254395
INFO:root:    K1:VIS-PRM_BF_DAMP_Y_INMON.HIGH: 1374.23254395
INFO:root:    K1:VIS-PRM_BF_DAMP_Y_INMON.LOW: 1344.23254395
INFO:root:    K1:VIS-PRM_BF_DAMP_Y_INMON.LOLO: 1284.23254395
INFO:root:    V: 
INFO:root:    K1:VIS-PRM_BF_DAMP_V_INMON.HIHI: 1801.4543457
INFO:root:    K1:VIS-PRM_BF_DAMP_V_INMON.HIGH: 1741.4543457
INFO:root:    K1:VIS-PRM_BF_DAMP_V_INMON.LOW: 1711.4543457
INFO:root:    K1:VIS-PRM_BF_DAMP_V_INMON.LOLO: 1651.4543457
INFO:root:Updating PR2...
INFO:root:    P: 
INFO:root:    K1:VIS-PR2_BF_DAMP_P_INMON.HIHI: -3456.46459961
INFO:root:    K1:VIS-PR2_BF_DAMP_P_INMON.HIGH: -3576.46459961
INFO:root:    K1:VIS-PR2_BF_DAMP_P_INMON.LOW: -3636.46459961
INFO:root:    K1:VIS-PR2_BF_DAMP_P_INMON.LOLO: -3756.46459961
INFO:root:    Y: 
INFO:root:    K1:VIS-PR2_BF_DAMP_Y_INMON.HIHI: -4195.08837891
INFO:root:    K1:VIS-PR2_BF_DAMP_Y_INMON.HIGH: -4295.08837891
INFO:root:    K1:VIS-PR2_BF_DAMP_Y_INMON.LOW: -4345.08837891
INFO:root:    K1:VIS-PR2_BF_DAMP_Y_INMON.LOLO: -4445.08837891
INFO:root:    V: 
INFO:root:    K1:VIS-PR2_BF_DAMP_V_INMON.HIHI: -705.651245117
INFO:root:    K1:VIS-PR2_BF_DAMP_V_INMON.HIGH: -765.651245117
INFO:root:    K1:VIS-PR2_BF_DAMP_V_INMON.LOW: -795.651245117
INFO:root:    K1:VIS-PR2_BF_DAMP_V_INMON.LOLO: -855.651245117
INFO:root:Updating PR3...
INFO:root:    P: 
INFO:root:    K1:VIS-PR3_BF_DAMP_P_INMON.HIHI: -975.363037109
INFO:root:    K1:VIS-PR3_BF_DAMP_P_INMON.HIGH: -995.363037109
INFO:root:    K1:VIS-PR3_BF_DAMP_P_INMON.LOW: -1005.36303711
INFO:root:    K1:VIS-PR3_BF_DAMP_P_INMON.LOLO: -1025.36303711
INFO:root:    Y: 
INFO:root:    K1:VIS-PR3_BF_DAMP_Y_INMON.HIHI: 5749.76855469
INFO:root:    K1:VIS-PR3_BF_DAMP_Y_INMON.HIGH: 5729.76855469
INFO:root:    K1:VIS-PR3_BF_DAMP_Y_INMON.LOW: 5719.76855469
INFO:root:    K1:VIS-PR3_BF_DAMP_Y_INMON.LOLO: 5699.76855469
INFO:root:    V: 
INFO:root:    K1:VIS-PR3_BF_DAMP_V_INMON.HIHI: 516.239837646
INFO:root:    K1:VIS-PR3_BF_DAMP_V_INMON.HIGH: 456.239837646
INFO:root:    K1:VIS-PR3_BF_DAMP_V_INMON.LOW: 426.239837646
INFO:root:    K1:VIS-PR3_BF_DAMP_V_INMON.LOLO: 366.239837646
INFO:root:Updating SRM...
INFO:root:    P: 
INFO:root:    K1:VIS-SRM_IM_DAMP_P_INMON.HIHI: -1428.45422363
INFO:root:    K1:VIS-SRM_IM_DAMP_P_INMON.HIGH: -1508.45422363
INFO:root:    K1:VIS-SRM_IM_DAMP_P_INMON.LOW: -1548.45422363
INFO:root:    K1:VIS-SRM_IM_DAMP_P_INMON.LOLO: -1628.45422363
INFO:root:    Y: 
INFO:root:    K1:VIS-SRM_IM_DAMP_Y_INMON.HIHI: -550.634277344
INFO:root:    K1:VIS-SRM_IM_DAMP_Y_INMON.HIGH: -750.634277344
INFO:root:    K1:VIS-SRM_IM_DAMP_Y_INMON.LOW: -850.634277344
INFO:root:    K1:VIS-SRM_IM_DAMP_Y_INMON.LOLO: -1050.63427734
INFO:root:    V: 
INFO:root:    K1:VIS-SRM_IM_DAMP_V_INMON.HIHI: 506.624481201
INFO:root:    K1:VIS-SRM_IM_DAMP_V_INMON.HIGH: 446.624481201
INFO:root:    K1:VIS-SRM_IM_DAMP_V_INMON.LOW: 416.624481201
INFO:root:    K1:VIS-SRM_IM_DAMP_V_INMON.LOLO: 356.624481201
INFO:root:Updating SR2...
INFO:root:    P: 
INFO:root:    K1:VIS-SR2_IM_DAMP_P_INMON.HIHI: 893.009399414
INFO:root:    K1:VIS-SR2_IM_DAMP_P_INMON.HIGH: 813.009399414
INFO:root:    K1:VIS-SR2_IM_DAMP_P_INMON.LOW: 773.009399414
INFO:root:    K1:VIS-SR2_IM_DAMP_P_INMON.LOLO: 693.009399414
INFO:root:    Y: 
INFO:root:    K1:VIS-SR2_IM_DAMP_Y_INMON.HIHI: -862.419250488
INFO:root:    K1:VIS-SR2_IM_DAMP_Y_INMON.HIGH: -982.419250488
INFO:root:    K1:VIS-SR2_IM_DAMP_Y_INMON.LOW: -1042.41925049
INFO:root:    K1:VIS-SR2_IM_DAMP_Y_INMON.LOLO: -1162.41925049
INFO:root:    V: 
INFO:root:    K1:VIS-SR2_IM_DAMP_V_INMON.HIHI: 121.36111784
INFO:root:    K1:VIS-SR2_IM_DAMP_V_INMON.HIGH: 21.3611178398
INFO:root:    K1:VIS-SR2_IM_DAMP_V_INMON.LOW: -28.6388821602
INFO:root:    K1:VIS-SR2_IM_DAMP_V_INMON.LOLO: -128.63888216
INFO:root:Updating SR3...
INFO:root:    P: 
INFO:root:    K1:VIS-SR3_IM_DAMP_P_INMON.HIHI: -391.49786377
INFO:root:    K1:VIS-SR3_IM_DAMP_P_INMON.HIGH: -411.49786377
INFO:root:    K1:VIS-SR3_IM_DAMP_P_INMON.LOW: -421.49786377
INFO:root:    K1:VIS-SR3_IM_DAMP_P_INMON.LOLO: -441.49786377
INFO:root:    Y: 
INFO:root:    K1:VIS-SR3_IM_DAMP_Y_INMON.HIHI: 50.3093357086
INFO:root:    K1:VIS-SR3_IM_DAMP_Y_INMON.HIGH: 30.3093357086
INFO:root:    K1:VIS-SR3_IM_DAMP_Y_INMON.LOW: 20.3093357086
INFO:root:    K1:VIS-SR3_IM_DAMP_Y_INMON.LOLO: 0.309335708618
INFO:root:    V: 
INFO:root:    K1:VIS-SR3_IM_DAMP_V_INMON.HIHI: 165.831787109
INFO:root:    K1:VIS-SR3_IM_DAMP_V_INMON.HIGH: 105.831787109
INFO:root:    K1:VIS-SR3_IM_DAMP_V_INMON.LOW: 75.8317871094
INFO:root:    K1:VIS-SR3_IM_DAMP_V_INMON.LOLO: 15.8317871094
INFO:root:Updating ITMX...
INFO:root:    P: 
INFO:root:    K1:VIS-ITMX_BF_DAMP_P_INMON.HIHI: -504.2109375
INFO:root:    K1:VIS-ITMX_BF_DAMP_P_INMON.HIGH: -564.2109375
INFO:root:    K1:VIS-ITMX_BF_DAMP_P_INMON.LOW: -594.2109375
INFO:root:    K1:VIS-ITMX_BF_DAMP_P_INMON.LOLO: -654.2109375
INFO:root:    Y: 
INFO:root:    K1:VIS-ITMX_BF_DAMP_Y_INMON.HIHI: -1786.30480957
INFO:root:    K1:VIS-ITMX_BF_DAMP_Y_INMON.HIGH: -1806.30480957
INFO:root:    K1:VIS-ITMX_BF_DAMP_Y_INMON.LOW: -1816.30480957
INFO:root:    K1:VIS-ITMX_BF_DAMP_Y_INMON.LOLO: -1836.30480957
INFO:root:    V: 
INFO:root:    K1:VIS-ITMX_BF_DAMP_V_INMON.HIHI: 2634.03662109
INFO:root:    K1:VIS-ITMX_BF_DAMP_V_INMON.HIGH: 2554.03662109
INFO:root:    K1:VIS-ITMX_BF_DAMP_V_INMON.LOW: 2514.03662109
INFO:root:    K1:VIS-ITMX_BF_DAMP_V_INMON.LOLO: 2434.03662109
INFO:root:Updating ITMY...
INFO:root:    P: 
INFO:root:    K1:VIS-ITMY_BF_DAMP_P_INMON.HIHI: -2567.08740234
INFO:root:    K1:VIS-ITMY_BF_DAMP_P_INMON.HIGH: -2627.08740234
INFO:root:    K1:VIS-ITMY_BF_DAMP_P_INMON.LOW: -2657.08740234
INFO:root:    K1:VIS-ITMY_BF_DAMP_P_INMON.LOLO: -2717.08740234
INFO:root:    Y: 
INFO:root:    K1:VIS-ITMY_BF_DAMP_Y_INMON.HIHI: 10413.2841797
INFO:root:    K1:VIS-ITMY_BF_DAMP_Y_INMON.HIGH: 10393.2841797
INFO:root:    K1:VIS-ITMY_BF_DAMP_Y_INMON.LOW: 10383.2841797
INFO:root:    K1:VIS-ITMY_BF_DAMP_Y_INMON.LOLO: 10363.2841797
INFO:root:    V: 
INFO:root:    K1:VIS-ITMY_BF_DAMP_V_INMON.HIHI: 917.15020752
INFO:root:    K1:VIS-ITMY_BF_DAMP_V_INMON.HIGH: 837.15020752
INFO:root:    K1:VIS-ITMY_BF_DAMP_V_INMON.LOW: 797.15020752
INFO:root:    K1:VIS-ITMY_BF_DAMP_V_INMON.LOLO: 717.15020752
INFO:root:Updating ETMX...
INFO:root:    P: 
INFO:root:    K1:VIS-ETMX_BF_DAMP_P_INMON.HIHI: 78.1233201027
INFO:root:    K1:VIS-ETMX_BF_DAMP_P_INMON.HIGH: 18.1233201027
INFO:root:    K1:VIS-ETMX_BF_DAMP_P_INMON.LOW: -11.8766798973
INFO:root:    K1:VIS-ETMX_BF_DAMP_P_INMON.LOLO: -71.8766798973
INFO:root:    Y: 
INFO:root:    K1:VIS-ETMX_BF_DAMP_Y_INMON.HIHI: 26.2836533785
INFO:root:    K1:VIS-ETMX_BF_DAMP_Y_INMON.HIGH: 6.28365337849
INFO:root:    K1:VIS-ETMX_BF_DAMP_Y_INMON.LOW: -3.71634662151
INFO:root:    K1:VIS-ETMX_BF_DAMP_Y_INMON.LOLO: -23.7163466215
INFO:root:    V: 
INFO:root:    K1:VIS-ETMX_BF_DAMP_V_INMON.HIHI: 99.8395558298
INFO:root:    K1:VIS-ETMX_BF_DAMP_V_INMON.HIGH: 19.8395558298
INFO:root:    K1:VIS-ETMX_BF_DAMP_V_INMON.LOW: -20.1604441702
INFO:root:    K1:VIS-ETMX_BF_DAMP_V_INMON.LOLO: -100.16044417
INFO:root:Updating ETMY...
INFO:root:    P: 
INFO:root:    K1:VIS-ETMY_BF_DAMP_P_INMON.HIHI: 1044.70428467
INFO:root:    K1:VIS-ETMY_BF_DAMP_P_INMON.HIGH: 984.704284668
INFO:root:    K1:VIS-ETMY_BF_DAMP_P_INMON.LOW: 954.704284668
INFO:root:    K1:VIS-ETMY_BF_DAMP_P_INMON.LOLO: 894.704284668
INFO:root:    Y: 
INFO:root:    K1:VIS-ETMY_BF_DAMP_Y_INMON.HIHI: 3834.3671875
INFO:root:    K1:VIS-ETMY_BF_DAMP_Y_INMON.HIGH: 3814.3671875
INFO:root:    K1:VIS-ETMY_BF_DAMP_Y_INMON.LOW: 3804.3671875
INFO:root:    K1:VIS-ETMY_BF_DAMP_Y_INMON.LOLO: 3784.3671875
INFO:root:    V: 
INFO:root:    K1:VIS-ETMY_BF_DAMP_V_INMON.HIHI: 134.687793732
INFO:root:    K1:VIS-ETMY_BF_DAMP_V_INMON.HIGH: 54.6877937317
INFO:root:    K1:VIS-ETMY_BF_DAMP_V_INMON.LOW: 14.6877937317
INFO:root:    K1:VIS-ETMY_BF_DAMP_V_INMON.LOLO: -65.3122062683
INFO:root:Updating BS...
INFO:root:    P: 
INFO:root:    K1:VIS-BS_IM_DAMP_P_INMON.HIHI: -584.540283203
INFO:root:    K1:VIS-BS_IM_DAMP_P_INMON.HIGH: -664.540283203
INFO:root:    K1:VIS-BS_IM_DAMP_P_INMON.LOW: -704.540283203
INFO:root:    K1:VIS-BS_IM_DAMP_P_INMON.LOLO: -784.540283203
INFO:root:    Y: 
INFO:root:    K1:VIS-BS_IM_DAMP_Y_INMON.HIHI: -233.038726807
INFO:root:    K1:VIS-BS_IM_DAMP_Y_INMON.HIGH: -253.038726807
INFO:root:    K1:VIS-BS_IM_DAMP_Y_INMON.LOW: -263.038726807
INFO:root:    K1:VIS-BS_IM_DAMP_Y_INMON.LOLO: -283.038726807
INFO:root:    V: 
INFO:root:    K1:VIS-BS_IM_DAMP_V_INMON.HIHI: 63.5573158264
INFO:root:    K1:VIS-BS_IM_DAMP_V_INMON.HIGH: -16.4426841736
INFO:root:    K1:VIS-BS_IM_DAMP_V_INMON.LOW: -56.4426841736
INFO:root:    K1:VIS-BS_IM_DAMP_V_INMON.LOLO: -136.442684174
INFO:root:Update completed successfully
