INFO:root:Start time: 1227291459.0
INFO:root:Duration: 900.0
INFO:root:Connected to NDS host k1nds1:8088
INFO:root:Updating SRM...
INFO:root:    P: 
INFO:root:    K1:VIS-SRM_IM_DAMP_P_INMON.HIHI: 3254.25927734
INFO:root:    K1:VIS-SRM_IM_DAMP_P_INMON.HIGH: 3174.25927734
INFO:root:    K1:VIS-SRM_IM_DAMP_P_INMON.LOW: 3134.25927734
INFO:root:    K1:VIS-SRM_IM_DAMP_P_INMON.LOLO: 3054.25927734
INFO:root:    Y: 
INFO:root:    K1:VIS-SRM_IM_DAMP_Y_INMON.HIHI: -4985.21337891
INFO:root:    K1:VIS-SRM_IM_DAMP_Y_INMON.HIGH: -5185.21337891
INFO:root:    K1:VIS-SRM_IM_DAMP_Y_INMON.LOW: -5285.21337891
INFO:root:    K1:VIS-SRM_IM_DAMP_Y_INMON.LOLO: -5485.21337891
INFO:root:    V: 
INFO:root:    K1:VIS-SRM_IM_DAMP_V_INMON.HIHI: -118.087081909
INFO:root:    K1:VIS-SRM_IM_DAMP_V_INMON.HIGH: -178.087081909
INFO:root:    K1:VIS-SRM_IM_DAMP_V_INMON.LOW: -208.087081909
INFO:root:    K1:VIS-SRM_IM_DAMP_V_INMON.LOLO: -268.087081909
INFO:root:Update completed successfully
