INFO:root:Start time: 1227291459.0
INFO:root:Duration: 900.0
INFO:root:Connected to NDS host k1nds1:8088
INFO:root:Updating SR3...
INFO:root:    P: 
INFO:root:    K1:VIS-SR3_IM_DAMP_P_INMON.HIHI: 168.114532471
INFO:root:    K1:VIS-SR3_IM_DAMP_P_INMON.HIGH: 148.114532471
INFO:root:    K1:VIS-SR3_IM_DAMP_P_INMON.LOW: 138.114532471
INFO:root:    K1:VIS-SR3_IM_DAMP_P_INMON.LOLO: 118.114532471
INFO:root:    Y: 
INFO:root:    K1:VIS-SR3_IM_DAMP_Y_INMON.HIHI: 6479.51953125
INFO:root:    K1:VIS-SR3_IM_DAMP_Y_INMON.HIGH: 6459.51953125
INFO:root:    K1:VIS-SR3_IM_DAMP_Y_INMON.LOW: 6449.51953125
INFO:root:    K1:VIS-SR3_IM_DAMP_Y_INMON.LOLO: 6429.51953125
INFO:root:    V: 
INFO:root:    K1:VIS-SR3_IM_DAMP_V_INMON.HIHI: 650.406311035
INFO:root:    K1:VIS-SR3_IM_DAMP_V_INMON.HIGH: 590.406311035
INFO:root:    K1:VIS-SR3_IM_DAMP_V_INMON.LOW: 560.406311035
INFO:root:    K1:VIS-SR3_IM_DAMP_V_INMON.LOLO: 500.406311035
INFO:root:Update completed successfully
