INFO:root:Start time: 1232246314.0
INFO:root:Duration: 5.0
INFO:root:Connected to NDS host k1nds1:8088
INFO:root:Updating PR2...
INFO:root:    P: 
INFO:root:    K1:VIS-PR2_BF_DAMP_P_INMON.HIHI: -3495.391357421875
INFO:root:    K1:VIS-PR2_BF_DAMP_P_INMON.HIGH: -3615.391357421875
INFO:root:    K1:VIS-PR2_BF_DAMP_P_INMON.LOW: -3675.391357421875
INFO:root:    K1:VIS-PR2_BF_DAMP_P_INMON.LOLO: -3795.391357421875
INFO:root:    Y: 
INFO:root:    K1:VIS-PR2_BF_DAMP_Y_INMON.HIHI: -4200.37744140625
INFO:root:    K1:VIS-PR2_BF_DAMP_Y_INMON.HIGH: -4300.37744140625
INFO:root:    K1:VIS-PR2_BF_DAMP_Y_INMON.LOW: -4350.37744140625
INFO:root:    K1:VIS-PR2_BF_DAMP_Y_INMON.LOLO: -4450.37744140625
INFO:root:    V: 
INFO:root:    K1:VIS-PR2_BF_DAMP_V_INMON.HIHI: -757.6751708984375
INFO:root:    K1:VIS-PR2_BF_DAMP_V_INMON.HIGH: -817.6751708984375
INFO:root:    K1:VIS-PR2_BF_DAMP_V_INMON.LOW: -847.6751708984375
INFO:root:    K1:VIS-PR2_BF_DAMP_V_INMON.LOLO: -907.6751708984375
INFO:root:Update completed successfully
