INFO:root:Start time: 1232361087.66
INFO:root:Duration: 10.0
INFO:root:Connected to NDS host k1nds1:8088
INFO:root:Updating BS...
INFO:root:    TILT_PIT: 
INFO:root:Start time: 1232361087.66
INFO:root:Duration: 10.0
INFO:root:Connected to NDS host k1nds1:8088
INFO:root:Updating BS...
INFO:root:    PIT: 
INFO:root:    K1:VIS-MCI_TM_OPLEV_PIT_OUTPUT.HIHI: 123.17423820495605
INFO:root:    K1:VIS-MCI_TM_OPLEV_PIT_OUTPUT.HIGH: 43.174238204956055
INFO:root:    K1:VIS-MCI_TM_OPLEV_PIT_OUTPUT.LOW: 3.1742382049560547
INFO:root:    K1:VIS-MCI_TM_OPLEV_PIT_OUTPUT.LOLO: -76.82576179504395
INFO:root:    YAW: 
INFO:root:    K1:VIS-MCI_TM_OPLEV_YAW_OUTPUT.HIHI: 92.14021444320679
INFO:root:    K1:VIS-MCI_TM_OPLEV_YAW_OUTPUT.HIGH: 12.140214443206787
INFO:root:    K1:VIS-MCI_TM_OPLEV_YAW_OUTPUT.LOW: -27.859785556793213
INFO:root:    K1:VIS-MCI_TM_OPLEV_YAW_OUTPUT.LOLO: -107.85978555679321
INFO:root:Update completed successfully
INFO:root:Start time: 1232361087.66
INFO:root:Duration: 10.0
INFO:root:Connected to NDS host k1nds1:8088
INFO:root:Updating BS...
INFO:root:    PIT: 
INFO:root:    K1:VIS-MCO_TM_OPLEV_PIT_OUTPUT.HIHI: 114.19796180725098
INFO:root:    K1:VIS-MCO_TM_OPLEV_PIT_OUTPUT.HIGH: 34.19796180725098
INFO:root:    K1:VIS-MCO_TM_OPLEV_PIT_OUTPUT.LOW: -5.802038192749023
INFO:root:    K1:VIS-MCO_TM_OPLEV_PIT_OUTPUT.LOLO: -85.80203819274902
INFO:root:    YAW: 
INFO:root:    K1:VIS-MCO_TM_OPLEV_YAW_OUTPUT.HIHI: 43.4429817199707
INFO:root:    K1:VIS-MCO_TM_OPLEV_YAW_OUTPUT.HIGH: -36.5570182800293
INFO:root:    K1:VIS-MCO_TM_OPLEV_YAW_OUTPUT.LOW: -76.5570182800293
INFO:root:    K1:VIS-MCO_TM_OPLEV_YAW_OUTPUT.LOLO: -156.5570182800293
INFO:root:Update completed successfully
INFO:root:Start time: 1232361087.66
INFO:root:Duration: 10.0
INFO:root:Connected to NDS host k1nds1:8088
INFO:root:Updating BS...
INFO:root:    PIT: 
INFO:root:    K1:VIS-IMMT1_TM_OPLEV_PIT_OUTPUT.HIHI: 7.882713317871094
INFO:root:    K1:VIS-IMMT1_TM_OPLEV_PIT_OUTPUT.HIGH: -72.1172866821289
INFO:root:    K1:VIS-IMMT1_TM_OPLEV_PIT_OUTPUT.LOW: -112.1172866821289
INFO:root:    K1:VIS-IMMT1_TM_OPLEV_PIT_OUTPUT.LOLO: -192.1172866821289
INFO:root:    YAW: 
INFO:root:    K1:VIS-IMMT1_TM_OPLEV_YAW_OUTPUT.HIHI: 110.88299179077148
INFO:root:    K1:VIS-IMMT1_TM_OPLEV_YAW_OUTPUT.HIGH: 30.882991790771484
INFO:root:    K1:VIS-IMMT1_TM_OPLEV_YAW_OUTPUT.LOW: -9.117008209228516
INFO:root:    K1:VIS-IMMT1_TM_OPLEV_YAW_OUTPUT.LOLO: -89.11700820922852
INFO:root:Update completed successfully
INFO:root:Start time: 1232361087.66
INFO:root:Duration: 10.0
INFO:root:Connected to NDS host k1nds1:8088
INFO:root:Updating BS...
INFO:root:    TILT_PIT: 
INFO:root:    K1:VIS-PRM_TM_OPLEV_TILT_PIT_OUTPUT.HIHI: -17.109710693359375
INFO:root:    K1:VIS-PRM_TM_OPLEV_TILT_PIT_OUTPUT.HIGH: -97.10971069335938
INFO:root:    K1:VIS-PRM_TM_OPLEV_TILT_PIT_OUTPUT.LOW: -137.10971069335938
INFO:root:    K1:VIS-PRM_TM_OPLEV_TILT_PIT_OUTPUT.LOLO: -217.10971069335938
INFO:root:    TILT_YAW: 
INFO:root:    K1:VIS-PRM_TM_OPLEV_TILT_YAW_OUTPUT.HIHI: -421.2630615234375
INFO:root:    K1:VIS-PRM_TM_OPLEV_TILT_YAW_OUTPUT.HIGH: -501.2630615234375
INFO:root:    K1:VIS-PRM_TM_OPLEV_TILT_YAW_OUTPUT.LOW: -541.2630615234375
INFO:root:    K1:VIS-PRM_TM_OPLEV_TILT_YAW_OUTPUT.LOLO: -621.2630615234375
INFO:root:Update completed successfully
INFO:root:Start time: 1232361087.66
INFO:root:Duration: 10.0
INFO:root:Connected to NDS host k1nds1:8088
INFO:root:Updating BS...
INFO:root:    TILT_PIT: 
INFO:root:    K1:VIS-PR2_TM_OPLEV_TILT_PIT_OUTPUT.HIHI: 20.514671325683594
INFO:root:    K1:VIS-PR2_TM_OPLEV_TILT_PIT_OUTPUT.HIGH: -59.485328674316406
INFO:root:    K1:VIS-PR2_TM_OPLEV_TILT_PIT_OUTPUT.LOW: -99.4853286743164
INFO:root:    K1:VIS-PR2_TM_OPLEV_TILT_PIT_OUTPUT.LOLO: -179.4853286743164
INFO:root:    TILT_YAW: 
INFO:root:    K1:VIS-PR2_TM_OPLEV_TILT_YAW_OUTPUT.HIHI: 164.42261505126953
INFO:root:    K1:VIS-PR2_TM_OPLEV_TILT_YAW_OUTPUT.HIGH: 84.42261505126953
INFO:root:    K1:VIS-PR2_TM_OPLEV_TILT_YAW_OUTPUT.LOW: 44.42261505126953
INFO:root:    K1:VIS-PR2_TM_OPLEV_TILT_YAW_OUTPUT.LOLO: -35.57738494873047
INFO:root:Update completed successfully
INFO:root:Start time: 1232361087.66
INFO:root:Duration: 10.0
INFO:root:Connected to NDS host k1nds1:8088
INFO:root:Updating BS...
INFO:root:    TILT_PIT: 
INFO:root:    K1:VIS-PR3_TM_OPLEV_TILT_PIT_OUTPUT.HIHI: -83.44477844238281
INFO:root:    K1:VIS-PR3_TM_OPLEV_TILT_PIT_OUTPUT.HIGH: -163.4447784423828
INFO:root:    K1:VIS-PR3_TM_OPLEV_TILT_PIT_OUTPUT.LOW: -203.4447784423828
INFO:root:    K1:VIS-PR3_TM_OPLEV_TILT_PIT_OUTPUT.LOLO: -283.4447784423828
INFO:root:    TILT_YAW: 
INFO:root:    K1:VIS-PR3_TM_OPLEV_TILT_YAW_OUTPUT.HIHI: 243.44158935546875
INFO:root:    K1:VIS-PR3_TM_OPLEV_TILT_YAW_OUTPUT.HIGH: 163.44158935546875
INFO:root:    K1:VIS-PR3_TM_OPLEV_TILT_YAW_OUTPUT.LOW: 123.44158935546875
INFO:root:    K1:VIS-PR3_TM_OPLEV_TILT_YAW_OUTPUT.LOLO: 43.44158935546875
INFO:root:Update completed successfully
INFO:root:Start time: 1232361087.66
INFO:root:Duration: 10.0
INFO:root:Connected to NDS host k1nds1:8088
INFO:root:Updating BS...
INFO:root:    PIT: 
INFO:root:    K1:VIS-SRM_TM_OPLEV_PIT_DIAGMON.HIHI: 118.00485801696777
INFO:root:    K1:VIS-SRM_TM_OPLEV_PIT_DIAGMON.HIGH: 38.00485801696777
INFO:root:    K1:VIS-SRM_TM_OPLEV_PIT_DIAGMON.LOW: -1.9951419830322266
INFO:root:    K1:VIS-SRM_TM_OPLEV_PIT_DIAGMON.LOLO: -81.99514198303223
INFO:root:    YAW: 
INFO:root:    K1:VIS-SRM_TM_OPLEV_YAW_DIAGMON.HIHI: 122.90679931640625
INFO:root:    K1:VIS-SRM_TM_OPLEV_YAW_DIAGMON.HIGH: 42.90679931640625
INFO:root:    K1:VIS-SRM_TM_OPLEV_YAW_DIAGMON.LOW: 2.90679931640625
INFO:root:    K1:VIS-SRM_TM_OPLEV_YAW_DIAGMON.LOLO: -77.09320068359375
INFO:root:Update completed successfully
INFO:root:Start time: 1232361087.66
INFO:root:Duration: 10.0
INFO:root:Connected to NDS host k1nds1:8088
INFO:root:Updating BS...
INFO:root:    PIT: 
INFO:root:    K1:VIS-SR2_TM_OPLEV_PIT_DIAGMON.HIHI: 97.94285225868225
INFO:root:    K1:VIS-SR2_TM_OPLEV_PIT_DIAGMON.HIGH: 17.94285225868225
INFO:root:    K1:VIS-SR2_TM_OPLEV_PIT_DIAGMON.LOW: -22.05714774131775
INFO:root:    K1:VIS-SR2_TM_OPLEV_PIT_DIAGMON.LOLO: -102.05714774131775
INFO:root:    YAW: 
INFO:root:    K1:VIS-SR2_TM_OPLEV_YAW_DIAGMON.HIHI: 103.51950931549072
INFO:root:    K1:VIS-SR2_TM_OPLEV_YAW_DIAGMON.HIGH: 23.519509315490723
INFO:root:    K1:VIS-SR2_TM_OPLEV_YAW_DIAGMON.LOW: -16.480490684509277
INFO:root:    K1:VIS-SR2_TM_OPLEV_YAW_DIAGMON.LOLO: -96.48049068450928
INFO:root:Update completed successfully
INFO:root:Start time: 1232361087.66
INFO:root:Duration: 10.0
INFO:root:Connected to NDS host k1nds1:8088
INFO:root:Updating BS...
INFO:root:    PIT: 
INFO:root:    K1:VIS-SR3_TM_OPLEV_PIT_DIAGMON.HIHI: 105.7866759300232
INFO:root:    K1:VIS-SR3_TM_OPLEV_PIT_DIAGMON.HIGH: 25.786675930023193
INFO:root:    K1:VIS-SR3_TM_OPLEV_PIT_DIAGMON.LOW: -14.213324069976807
INFO:root:    K1:VIS-SR3_TM_OPLEV_PIT_DIAGMON.LOLO: -94.2133240699768
INFO:root:    YAW: 
INFO:root:    K1:VIS-SR3_TM_OPLEV_YAW_DIAGMON.HIHI: 93.4578275680542
INFO:root:    K1:VIS-SR3_TM_OPLEV_YAW_DIAGMON.HIGH: 13.4578275680542
INFO:root:    K1:VIS-SR3_TM_OPLEV_YAW_DIAGMON.LOW: -26.5421724319458
INFO:root:    K1:VIS-SR3_TM_OPLEV_YAW_DIAGMON.LOLO: -106.5421724319458
INFO:root:Update completed successfully
INFO:root:Start time: 1232361087.66
INFO:root:Duration: 10.0
INFO:root:Connected to NDS host k1nds1:8088
INFO:root:Updating BS...
INFO:root:    PIT: 
INFO:root:    K1:VIS-BS_TM_OPLEV_PIT_DIAGMON.HIHI: 105.05598449707031
INFO:root:    K1:VIS-BS_TM_OPLEV_PIT_DIAGMON.HIGH: 25.055984497070312
INFO:root:    K1:VIS-BS_TM_OPLEV_PIT_DIAGMON.LOW: -14.944015502929688
INFO:root:    K1:VIS-BS_TM_OPLEV_PIT_DIAGMON.LOLO: -94.94401550292969
INFO:root:    YAW: 
INFO:root:    K1:VIS-BS_TM_OPLEV_YAW_DIAGMON.HIHI: 96.97586345672607
INFO:root:    K1:VIS-BS_TM_OPLEV_YAW_DIAGMON.HIGH: 16.975863456726074
INFO:root:    K1:VIS-BS_TM_OPLEV_YAW_DIAGMON.LOW: -23.024136543273926
INFO:root:    K1:VIS-BS_TM_OPLEV_YAW_DIAGMON.LOLO: -103.02413654327393
INFO:root:Update completed successfully
INFO:root:Start time: 1232361087.66
INFO:root:Duration: 10.0
INFO:root:Connected to NDS host k1nds1:8088
INFO:root:Updating BS...
INFO:root:Start time: 1232361087.66
INFO:root:Duration: 10.0
INFO:root:Connected to NDS host k1nds1:8088
INFO:root:Updating BS...
INFO:root:    TILT_PIT: 
INFO:root:    K1:VIS-ITMX_TM_OPLEV_TILT_PIT_OUTPUT.HIHI: 68.13177490234375
INFO:root:    K1:VIS-ITMX_TM_OPLEV_TILT_PIT_OUTPUT.HIGH: -11.86822509765625
INFO:root:    K1:VIS-ITMX_TM_OPLEV_TILT_PIT_OUTPUT.LOW: -51.86822509765625
INFO:root:    K1:VIS-ITMX_TM_OPLEV_TILT_PIT_OUTPUT.LOLO: -131.86822509765625
INFO:root:    TILT_YAW: 
INFO:root:    K1:VIS-ITMX_TM_OPLEV_TILT_YAW_OUTPUT.HIHI: 95.19709253311157
INFO:root:    K1:VIS-ITMX_TM_OPLEV_TILT_YAW_OUTPUT.HIGH: 15.197092533111572
INFO:root:    K1:VIS-ITMX_TM_OPLEV_TILT_YAW_OUTPUT.LOW: -24.802907466888428
INFO:root:    K1:VIS-ITMX_TM_OPLEV_TILT_YAW_OUTPUT.LOLO: -104.80290746688843
INFO:root:Update completed successfully
INFO:root:Start time: 1232361087.66
INFO:root:Duration: 10.0
INFO:root:Connected to NDS host k1nds1:8088
INFO:root:Updating BS...
INFO:root:    TILT_PIT: 
INFO:root:    K1:VIS-ITMY_TM_OPLEV_TILT_PIT_OUTPUT.HIHI: 107.55907249450684
INFO:root:    K1:VIS-ITMY_TM_OPLEV_TILT_PIT_OUTPUT.HIGH: 27.559072494506836
INFO:root:    K1:VIS-ITMY_TM_OPLEV_TILT_PIT_OUTPUT.LOW: -12.440927505493164
INFO:root:    K1:VIS-ITMY_TM_OPLEV_TILT_PIT_OUTPUT.LOLO: -92.44092750549316
INFO:root:    TILT_YAW: 
INFO:root:    K1:VIS-ITMY_TM_OPLEV_TILT_YAW_OUTPUT.HIHI: 86.17235374450684
INFO:root:    K1:VIS-ITMY_TM_OPLEV_TILT_YAW_OUTPUT.HIGH: 6.172353744506836
INFO:root:    K1:VIS-ITMY_TM_OPLEV_TILT_YAW_OUTPUT.LOW: -33.827646255493164
INFO:root:    K1:VIS-ITMY_TM_OPLEV_TILT_YAW_OUTPUT.LOLO: -113.82764625549316
INFO:root:Update completed successfully
INFO:root:Start time: 1232361087.66
INFO:root:Duration: 10.0
INFO:root:Connected to NDS host k1nds1:8088
INFO:root:Updating BS...
INFO:root:    TILT_PIT: 
INFO:root:    K1:VIS-ETMX_TM_OPLEV_TILT_PIT_OUTPUT.HIHI: 100.0
INFO:root:    K1:VIS-ETMX_TM_OPLEV_TILT_PIT_OUTPUT.HIGH: 20.0
INFO:root:    K1:VIS-ETMX_TM_OPLEV_TILT_PIT_OUTPUT.LOW: -20.0
INFO:root:    K1:VIS-ETMX_TM_OPLEV_TILT_PIT_OUTPUT.LOLO: -100.0
INFO:root:    TILT_YAW: 
INFO:root:    K1:VIS-ETMX_TM_OPLEV_TILT_YAW_OUTPUT.HIHI: 100.0
INFO:root:    K1:VIS-ETMX_TM_OPLEV_TILT_YAW_OUTPUT.HIGH: 20.0
INFO:root:    K1:VIS-ETMX_TM_OPLEV_TILT_YAW_OUTPUT.LOW: -20.0
INFO:root:    K1:VIS-ETMX_TM_OPLEV_TILT_YAW_OUTPUT.LOLO: -100.0
INFO:root:Update completed successfully
INFO:root:Start time: 1232361087.66
INFO:root:Duration: 10.0
INFO:root:Connected to NDS host k1nds1:8088
INFO:root:Updating BS...
INFO:root:    TILT_PIT: 
INFO:root:    K1:VIS-ETMY_TM_OPLEV_TILT_PIT_OUTPUT.HIHI: 100.7990934252739
INFO:root:    K1:VIS-ETMY_TM_OPLEV_TILT_PIT_OUTPUT.HIGH: 20.799093425273895
INFO:root:    K1:VIS-ETMY_TM_OPLEV_TILT_PIT_OUTPUT.LOW: -19.200906574726105
INFO:root:    K1:VIS-ETMY_TM_OPLEV_TILT_PIT_OUTPUT.LOLO: -99.2009065747261
INFO:root:    TILT_YAW: 
INFO:root:    K1:VIS-ETMY_TM_OPLEV_TILT_YAW_OUTPUT.HIHI: 99.46152383089066
INFO:root:    K1:VIS-ETMY_TM_OPLEV_TILT_YAW_OUTPUT.HIGH: 19.461523830890656
INFO:root:    K1:VIS-ETMY_TM_OPLEV_TILT_YAW_OUTPUT.LOW: -20.538476169109344
INFO:root:    K1:VIS-ETMY_TM_OPLEV_TILT_YAW_OUTPUT.LOLO: -100.53847616910934
INFO:root:Update completed successfully
INFO:root:Start time: 1232361087.66
INFO:root:Duration: 10.0
INFO:root:Connected to NDS host k1nds1:8088
INFO:root:Updating BS...
INFO:root:    TILT_PIT: 
INFO:root:    K1:VIS-PRM_TM_OPLEV_TILT_PIT_OUTPUT.HIHI: -17.109710693359375
INFO:root:    K1:VIS-PRM_TM_OPLEV_TILT_PIT_OUTPUT.HIGH: -97.10971069335938
INFO:root:    K1:VIS-PRM_TM_OPLEV_TILT_PIT_OUTPUT.LOW: -137.10971069335938
INFO:root:    K1:VIS-PRM_TM_OPLEV_TILT_PIT_OUTPUT.LOLO: -217.10971069335938
INFO:root:    TILT_YAW: 
INFO:root:    K1:VIS-PRM_TM_OPLEV_TILT_YAW_OUTPUT.HIHI: -421.2630615234375
INFO:root:    K1:VIS-PRM_TM_OPLEV_TILT_YAW_OUTPUT.HIGH: -501.2630615234375
INFO:root:    K1:VIS-PRM_TM_OPLEV_TILT_YAW_OUTPUT.LOW: -541.2630615234375
INFO:root:    K1:VIS-PRM_TM_OPLEV_TILT_YAW_OUTPUT.LOLO: -621.2630615234375
INFO:root:Update completed successfully
INFO:root:Start time: 1232361087.66
INFO:root:Duration: 10.0
INFO:root:Connected to NDS host k1nds1:8088
INFO:root:Updating BS...
INFO:root:Start time: 1232361087.66
INFO:root:Duration: 10.0
INFO:root:Connected to NDS host k1nds1:8088
INFO:root:Updating BS...
INFO:root:Start time: 1232361087.66
INFO:root:Duration: 10.0
INFO:root:Connected to NDS host k1nds1:8088
INFO:root:Updating BS...
INFO:root:    PIT: 
INFO:root:    K1:VIS-IMMT2_TM_OPLEV_PIT_OUTPUT.HIHI: 186.31359100341797
INFO:root:    K1:VIS-IMMT2_TM_OPLEV_PIT_OUTPUT.HIGH: 106.31359100341797
INFO:root:    K1:VIS-IMMT2_TM_OPLEV_PIT_OUTPUT.LOW: 66.31359100341797
INFO:root:    K1:VIS-IMMT2_TM_OPLEV_PIT_OUTPUT.LOLO: -13.686408996582031
INFO:root:    YAW: 
INFO:root:    K1:VIS-IMMT2_TM_OPLEV_YAW_OUTPUT.HIHI: 132.87630462646484
INFO:root:    K1:VIS-IMMT2_TM_OPLEV_YAW_OUTPUT.HIGH: 52.876304626464844
INFO:root:    K1:VIS-IMMT2_TM_OPLEV_YAW_OUTPUT.LOW: 12.876304626464844
INFO:root:    K1:VIS-IMMT2_TM_OPLEV_YAW_OUTPUT.LOLO: -67.12369537353516
INFO:root:Update completed successfully
INFO:root:Start time: 1232361087.66
INFO:root:Duration: 10.0
INFO:root:Connected to NDS host k1nds1:8088
INFO:root:Updating BS...
INFO:root:    PIT: 
INFO:root:    K1:VIS-MCO_TM_OPLEV_PIT_OUTPUT.HIHI: 114.19796180725098
INFO:root:    K1:VIS-MCO_TM_OPLEV_PIT_OUTPUT.HIGH: 34.19796180725098
INFO:root:    K1:VIS-MCO_TM_OPLEV_PIT_OUTPUT.LOW: -5.802038192749023
INFO:root:    K1:VIS-MCO_TM_OPLEV_PIT_OUTPUT.LOLO: -85.80203819274902
INFO:root:    YAW: 
INFO:root:    K1:VIS-MCO_TM_OPLEV_YAW_OUTPUT.HIHI: 43.4429817199707
INFO:root:    K1:VIS-MCO_TM_OPLEV_YAW_OUTPUT.HIGH: -36.5570182800293
INFO:root:    K1:VIS-MCO_TM_OPLEV_YAW_OUTPUT.LOW: -76.5570182800293
INFO:root:    K1:VIS-MCO_TM_OPLEV_YAW_OUTPUT.LOLO: -156.5570182800293
INFO:root:Update completed successfully
