INFO:root:Start time: 1235816988.0
INFO:root:Duration: 10.0
INFO:root:Connected to NDS host k1nds1:8088
INFO:root:Updating BS...
INFO:root:    TILT_PIT: 
INFO:root:Start time: 1235816988.0
INFO:root:Duration: 10.0
INFO:root:Connected to NDS host k1nds1:8088
INFO:root:Updating BS...
INFO:root:    TILT_PIT: 
INFO:root:    K1:VIS-PRM_TM_OPLEV_TILT_PIT_OUTPUT.HIHI: 83.67266464233398
INFO:root:    K1:VIS-PRM_TM_OPLEV_TILT_PIT_OUTPUT.HIGH: 3.6726646423339844
INFO:root:    K1:VIS-PRM_TM_OPLEV_TILT_PIT_OUTPUT.LOW: -36.327335357666016
INFO:root:    K1:VIS-PRM_TM_OPLEV_TILT_PIT_OUTPUT.LOLO: -116.32733535766602
INFO:root:    TILT_YAW: 
INFO:root:    K1:VIS-PRM_TM_OPLEV_TILT_YAW_OUTPUT.HIHI: 69.33748817443848
INFO:root:    K1:VIS-PRM_TM_OPLEV_TILT_YAW_OUTPUT.HIGH: -10.662511825561523
INFO:root:    K1:VIS-PRM_TM_OPLEV_TILT_YAW_OUTPUT.LOW: -50.66251182556152
INFO:root:    K1:VIS-PRM_TM_OPLEV_TILT_YAW_OUTPUT.LOLO: -130.66251182556152
INFO:root:Update completed successfully
