INFO:root:Start time: 1227291459.0
INFO:root:Duration: 900.0
INFO:root:Connected to NDS host k1nds1:8088
INFO:root:Updating PR3...
INFO:root:    P: 
INFO:root:    K1:VIS-PR3_BF_DAMP_P_INMON.HIHI: -913.309020996
INFO:root:    K1:VIS-PR3_BF_DAMP_P_INMON.HIGH: -933.309020996
INFO:root:    K1:VIS-PR3_BF_DAMP_P_INMON.LOW: -943.309020996
INFO:root:    K1:VIS-PR3_BF_DAMP_P_INMON.LOLO: -963.309020996
INFO:root:    Y: 
INFO:root:    K1:VIS-PR3_BF_DAMP_Y_INMON.HIHI: 5663.27294922
INFO:root:    K1:VIS-PR3_BF_DAMP_Y_INMON.HIGH: 5643.27294922
INFO:root:    K1:VIS-PR3_BF_DAMP_Y_INMON.LOW: 5633.27294922
INFO:root:    K1:VIS-PR3_BF_DAMP_Y_INMON.LOLO: 5613.27294922
INFO:root:    V: 
INFO:root:    K1:VIS-PR3_BF_DAMP_V_INMON.HIHI: 507.582672119
INFO:root:    K1:VIS-PR3_BF_DAMP_V_INMON.HIGH: 447.582672119
INFO:root:    K1:VIS-PR3_BF_DAMP_V_INMON.LOW: 417.582672119
INFO:root:    K1:VIS-PR3_BF_DAMP_V_INMON.LOLO: 357.582672119
INFO:root:Update completed successfully
