INFO:root:Start time: 1227236418.0
INFO:root:Duration: 300.0
INFO:root:Connected to NDS host k1nds1:8088
INFO:root:Updating PRM...
INFO:root:    P: 
INFO:root:    K1:VIS-PRM_BF_DAMP_P_INMON.HIHI: 4970.78173828
INFO:root:    K1:VIS-PRM_BF_DAMP_P_INMON.HIGH: 4890.78173828
INFO:root:    K1:VIS-PRM_BF_DAMP_P_INMON.LOW: 4850.78173828
INFO:root:    K1:VIS-PRM_BF_DAMP_P_INMON.LOLO: 4770.78173828
INFO:root:    Y: 
INFO:root:    K1:VIS-PRM_BF_DAMP_Y_INMON.HIHI: 1617.22668457
INFO:root:    K1:VIS-PRM_BF_DAMP_Y_INMON.HIGH: 1557.22668457
INFO:root:    K1:VIS-PRM_BF_DAMP_Y_INMON.LOW: 1527.22668457
INFO:root:    K1:VIS-PRM_BF_DAMP_Y_INMON.LOLO: 1467.22668457
INFO:root:    V: 
INFO:root:    K1:VIS-PRM_BF_DAMP_V_INMON.HIHI: 74.5390327871
INFO:root:    K1:VIS-PRM_BF_DAMP_V_INMON.HIGH: 14.5390327871
INFO:root:    K1:VIS-PRM_BF_DAMP_V_INMON.LOW: -15.4609672129
INFO:root:    K1:VIS-PRM_BF_DAMP_V_INMON.LOLO: -75.4609672129
INFO:root:Updating PR2...
INFO:root:    P: 
INFO:root:    K1:VIS-PR2_BF_DAMP_P_INMON.HIHI: -2785.48266602
INFO:root:    K1:VIS-PR2_BF_DAMP_P_INMON.HIGH: -2905.48266602
INFO:root:    K1:VIS-PR2_BF_DAMP_P_INMON.LOW: -2965.48266602
INFO:root:    K1:VIS-PR2_BF_DAMP_P_INMON.LOLO: -3085.48266602
INFO:root:    Y: 
INFO:root:    K1:VIS-PR2_BF_DAMP_Y_INMON.HIHI: -2124.2331543
INFO:root:    K1:VIS-PR2_BF_DAMP_Y_INMON.HIGH: -2224.2331543
INFO:root:    K1:VIS-PR2_BF_DAMP_Y_INMON.LOW: -2274.2331543
INFO:root:    K1:VIS-PR2_BF_DAMP_Y_INMON.LOLO: -2374.2331543
INFO:root:    V: 
INFO:root:    K1:VIS-PR2_BF_DAMP_V_INMON.HIHI: -1625.43652344
INFO:root:    K1:VIS-PR2_BF_DAMP_V_INMON.HIGH: -1685.43652344
INFO:root:    K1:VIS-PR2_BF_DAMP_V_INMON.LOW: -1715.43652344
INFO:root:    K1:VIS-PR2_BF_DAMP_V_INMON.LOLO: -1775.43652344
INFO:root:Updating PR3...
INFO:root:    P: 
INFO:root:    K1:VIS-PR3_BF_DAMP_P_INMON.HIHI: -912.904785156
INFO:root:    K1:VIS-PR3_BF_DAMP_P_INMON.HIGH: -932.904785156
INFO:root:    K1:VIS-PR3_BF_DAMP_P_INMON.LOW: -942.904785156
INFO:root:    K1:VIS-PR3_BF_DAMP_P_INMON.LOLO: -962.904785156
INFO:root:    Y: 
INFO:root:    K1:VIS-PR3_BF_DAMP_Y_INMON.HIHI: 5662.859375
INFO:root:    K1:VIS-PR3_BF_DAMP_Y_INMON.HIGH: 5642.859375
INFO:root:    K1:VIS-PR3_BF_DAMP_Y_INMON.LOW: 5632.859375
INFO:root:    K1:VIS-PR3_BF_DAMP_Y_INMON.LOLO: 5612.859375
INFO:root:    V: 
INFO:root:    K1:VIS-PR3_BF_DAMP_V_INMON.HIHI: 507.866729736
INFO:root:    K1:VIS-PR3_BF_DAMP_V_INMON.HIGH: 447.866729736
INFO:root:    K1:VIS-PR3_BF_DAMP_V_INMON.LOW: 417.866729736
INFO:root:    K1:VIS-PR3_BF_DAMP_V_INMON.LOLO: 357.866729736
INFO:root:Updating SRM...
INFO:root:    P: 
INFO:root:    K1:VIS-SRM_IM_DAMP_P_INMON.HIHI: 3229.39038086
INFO:root:    K1:VIS-SRM_IM_DAMP_P_INMON.HIGH: 3149.39038086
INFO:root:    K1:VIS-SRM_IM_DAMP_P_INMON.LOW: 3109.39038086
INFO:root:    K1:VIS-SRM_IM_DAMP_P_INMON.LOLO: 3029.39038086
INFO:root:    Y: 
INFO:root:    K1:VIS-SRM_IM_DAMP_Y_INMON.HIHI: -5116.05615234
INFO:root:    K1:VIS-SRM_IM_DAMP_Y_INMON.HIGH: -5316.05615234
INFO:root:    K1:VIS-SRM_IM_DAMP_Y_INMON.LOW: -5416.05615234
INFO:root:    K1:VIS-SRM_IM_DAMP_Y_INMON.LOLO: -5616.05615234
INFO:root:    V: 
INFO:root:    K1:VIS-SRM_IM_DAMP_V_INMON.HIHI: -120.448913574
INFO:root:    K1:VIS-SRM_IM_DAMP_V_INMON.HIGH: -180.448913574
INFO:root:    K1:VIS-SRM_IM_DAMP_V_INMON.LOW: -210.448913574
INFO:root:    K1:VIS-SRM_IM_DAMP_V_INMON.LOLO: -270.448913574
INFO:root:Updating SR2...
INFO:root:    P: 
INFO:root:    K1:VIS-SR2_IM_DAMP_P_INMON.HIHI: 667.11505127
INFO:root:    K1:VIS-SR2_IM_DAMP_P_INMON.HIGH: 587.11505127
INFO:root:    K1:VIS-SR2_IM_DAMP_P_INMON.LOW: 547.11505127
INFO:root:    K1:VIS-SR2_IM_DAMP_P_INMON.LOLO: 467.11505127
INFO:root:    Y: 
INFO:root:    K1:VIS-SR2_IM_DAMP_Y_INMON.HIHI: 2068.74682617
INFO:root:    K1:VIS-SR2_IM_DAMP_Y_INMON.HIGH: 1948.74682617
INFO:root:    K1:VIS-SR2_IM_DAMP_Y_INMON.LOW: 1888.74682617
INFO:root:    K1:VIS-SR2_IM_DAMP_Y_INMON.LOLO: 1768.74682617
INFO:root:    V: 
INFO:root:    K1:VIS-SR2_IM_DAMP_V_INMON.HIHI: 209.883796692
INFO:root:    K1:VIS-SR2_IM_DAMP_V_INMON.HIGH: 109.883796692
INFO:root:    K1:VIS-SR2_IM_DAMP_V_INMON.LOW: 59.8837966919
INFO:root:    K1:VIS-SR2_IM_DAMP_V_INMON.LOLO: -40.1162033081
INFO:root:Updating SR3...
INFO:root:    P: 
INFO:root:    K1:VIS-SR3_IM_DAMP_P_INMON.HIHI: 168.138656616
INFO:root:    K1:VIS-SR3_IM_DAMP_P_INMON.HIGH: 148.138656616
INFO:root:    K1:VIS-SR3_IM_DAMP_P_INMON.LOW: 138.138656616
INFO:root:    K1:VIS-SR3_IM_DAMP_P_INMON.LOLO: 118.138656616
INFO:root:    Y: 
INFO:root:    K1:VIS-SR3_IM_DAMP_Y_INMON.HIHI: 6477.30957031
INFO:root:    K1:VIS-SR3_IM_DAMP_Y_INMON.HIGH: 6457.30957031
INFO:root:    K1:VIS-SR3_IM_DAMP_Y_INMON.LOW: 6447.30957031
INFO:root:    K1:VIS-SR3_IM_DAMP_Y_INMON.LOLO: 6427.30957031
INFO:root:    V: 
INFO:root:    K1:VIS-SR3_IM_DAMP_V_INMON.HIHI: 650.352661133
INFO:root:    K1:VIS-SR3_IM_DAMP_V_INMON.HIGH: 590.352661133
INFO:root:    K1:VIS-SR3_IM_DAMP_V_INMON.LOW: 560.352661133
INFO:root:    K1:VIS-SR3_IM_DAMP_V_INMON.LOLO: 500.352661133
INFO:root:Updating ITMX...
INFO:root:    P: 
INFO:root:    K1:VIS-ITMX_BF_DAMP_P_INMON.HIHI: -511.001220703
INFO:root:    K1:VIS-ITMX_BF_DAMP_P_INMON.HIGH: -531.001220703
INFO:root:    K1:VIS-ITMX_BF_DAMP_P_INMON.LOW: -541.001220703
INFO:root:    K1:VIS-ITMX_BF_DAMP_P_INMON.LOLO: -561.001220703
INFO:root:    Y: 
INFO:root:    K1:VIS-ITMX_BF_DAMP_Y_INMON.HIHI: -345.110992432
INFO:root:    K1:VIS-ITMX_BF_DAMP_Y_INMON.HIGH: -365.110992432
INFO:root:    K1:VIS-ITMX_BF_DAMP_Y_INMON.LOW: -375.110992432
INFO:root:    K1:VIS-ITMX_BF_DAMP_Y_INMON.LOLO: -395.110992432
INFO:root:    V: 
INFO:root:    K1:VIS-ITMX_BF_DAMP_V_INMON.HIHI: -411.64666748
INFO:root:    K1:VIS-ITMX_BF_DAMP_V_INMON.HIGH: -491.64666748
INFO:root:    K1:VIS-ITMX_BF_DAMP_V_INMON.LOW: -531.64666748
INFO:root:    K1:VIS-ITMX_BF_DAMP_V_INMON.LOLO: -611.64666748
INFO:root:Updating ITMY...
INFO:root:    P: 
INFO:root:    K1:VIS-ITMY_BF_DAMP_P_INMON.HIHI: -1911.05725098
INFO:root:    K1:VIS-ITMY_BF_DAMP_P_INMON.HIGH: -1931.05725098
INFO:root:    K1:VIS-ITMY_BF_DAMP_P_INMON.LOW: -1941.05725098
INFO:root:    K1:VIS-ITMY_BF_DAMP_P_INMON.LOLO: -1961.05725098
INFO:root:    Y: 
INFO:root:    K1:VIS-ITMY_BF_DAMP_Y_INMON.HIHI: -346.453491211
INFO:root:    K1:VIS-ITMY_BF_DAMP_Y_INMON.HIGH: -366.453491211
INFO:root:    K1:VIS-ITMY_BF_DAMP_Y_INMON.LOW: -376.453491211
INFO:root:    K1:VIS-ITMY_BF_DAMP_Y_INMON.LOLO: -396.453491211
INFO:root:    V: 
INFO:root:    K1:VIS-ITMY_BF_DAMP_V_INMON.HIHI: -658.530700684
INFO:root:    K1:VIS-ITMY_BF_DAMP_V_INMON.HIGH: -738.530700684
INFO:root:    K1:VIS-ITMY_BF_DAMP_V_INMON.LOW: -778.530700684
INFO:root:    K1:VIS-ITMY_BF_DAMP_V_INMON.LOLO: -858.530700684
INFO:root:Updating ETMX...
INFO:root:    P: 
INFO:root:    K1:VIS-ETMX_BF_DAMP_P_INMON.HIHI: -3853.91796875
INFO:root:    K1:VIS-ETMX_BF_DAMP_P_INMON.HIGH: -3873.91796875
INFO:root:    K1:VIS-ETMX_BF_DAMP_P_INMON.LOW: -3883.91796875
INFO:root:    K1:VIS-ETMX_BF_DAMP_P_INMON.LOLO: -3903.91796875
INFO:root:    Y: 
INFO:root:    K1:VIS-ETMX_BF_DAMP_Y_INMON.HIHI: -1380.53991699
INFO:root:    K1:VIS-ETMX_BF_DAMP_Y_INMON.HIGH: -1400.53991699
INFO:root:    K1:VIS-ETMX_BF_DAMP_Y_INMON.LOW: -1410.53991699
INFO:root:    K1:VIS-ETMX_BF_DAMP_Y_INMON.LOLO: -1430.53991699
INFO:root:    V: 
INFO:root:    K1:VIS-ETMX_BF_DAMP_V_INMON.HIHI: 4887.18652344
INFO:root:    K1:VIS-ETMX_BF_DAMP_V_INMON.HIGH: 4807.18652344
INFO:root:    K1:VIS-ETMX_BF_DAMP_V_INMON.LOW: 4767.18652344
INFO:root:    K1:VIS-ETMX_BF_DAMP_V_INMON.LOLO: 4687.18652344
INFO:root:Updating ETMY...
INFO:root:    P: 
INFO:root:    K1:VIS-ETMY_BF_DAMP_P_INMON.HIHI: -1834.68896484
INFO:root:    K1:VIS-ETMY_BF_DAMP_P_INMON.HIGH: -1854.68896484
INFO:root:    K1:VIS-ETMY_BF_DAMP_P_INMON.LOW: -1864.68896484
INFO:root:    K1:VIS-ETMY_BF_DAMP_P_INMON.LOLO: -1884.68896484
INFO:root:    Y: 
INFO:root:    K1:VIS-ETMY_BF_DAMP_Y_INMON.HIHI: 4009.45385742
INFO:root:    K1:VIS-ETMY_BF_DAMP_Y_INMON.HIGH: 3989.45385742
INFO:root:    K1:VIS-ETMY_BF_DAMP_Y_INMON.LOW: 3979.45385742
INFO:root:    K1:VIS-ETMY_BF_DAMP_Y_INMON.LOLO: 3959.45385742
INFO:root:    V: 
INFO:root:    K1:VIS-ETMY_BF_DAMP_V_INMON.HIHI: -3692.85913086
INFO:root:    K1:VIS-ETMY_BF_DAMP_V_INMON.HIGH: -3772.85913086
INFO:root:    K1:VIS-ETMY_BF_DAMP_V_INMON.LOW: -3812.85913086
INFO:root:    K1:VIS-ETMY_BF_DAMP_V_INMON.LOLO: -3892.85913086
INFO:root:Updating BS...
INFO:root:    P: 
INFO:root:    K1:VIS-BS_IM_DAMP_P_INMON.HIHI: -1271.92932129
INFO:root:    K1:VIS-BS_IM_DAMP_P_INMON.HIGH: -1351.92932129
INFO:root:    K1:VIS-BS_IM_DAMP_P_INMON.LOW: -1391.92932129
INFO:root:    K1:VIS-BS_IM_DAMP_P_INMON.LOLO: -1471.92932129
INFO:root:    Y: 
INFO:root:    K1:VIS-BS_IM_DAMP_Y_INMON.HIHI: 606.880859375
INFO:root:    K1:VIS-BS_IM_DAMP_Y_INMON.HIGH: 586.880859375
INFO:root:    K1:VIS-BS_IM_DAMP_Y_INMON.LOW: 576.880859375
INFO:root:    K1:VIS-BS_IM_DAMP_Y_INMON.LOLO: 556.880859375
INFO:root:    V: 
INFO:root:    K1:VIS-BS_IM_DAMP_V_INMON.HIHI: -144.376296997
INFO:root:    K1:VIS-BS_IM_DAMP_V_INMON.HIGH: -224.376296997
INFO:root:    K1:VIS-BS_IM_DAMP_V_INMON.LOW: -264.376296997
INFO:root:    K1:VIS-BS_IM_DAMP_V_INMON.LOLO: -344.376296997
INFO:root:Update completed successfully
