INFO:root:Start time: 1227292401.0
INFO:root:Duration: 900.0
INFO:root:Connected to NDS host k1nds1:8088
INFO:root:Updating PRM...
INFO:root:    P: 
INFO:root:    K1:VIS-PRM_BF_DAMP_P_INMON.HIHI: 4971.41796875
INFO:root:    K1:VIS-PRM_BF_DAMP_P_INMON.HIGH: 4891.41796875
INFO:root:    K1:VIS-PRM_BF_DAMP_P_INMON.LOW: 4851.41796875
INFO:root:    K1:VIS-PRM_BF_DAMP_P_INMON.LOLO: 4771.41796875
INFO:root:    Y: 
INFO:root:    K1:VIS-PRM_BF_DAMP_Y_INMON.HIHI: 1617.47302246
INFO:root:    K1:VIS-PRM_BF_DAMP_Y_INMON.HIGH: 1557.47302246
INFO:root:    K1:VIS-PRM_BF_DAMP_Y_INMON.LOW: 1527.47302246
INFO:root:    K1:VIS-PRM_BF_DAMP_Y_INMON.LOLO: 1467.47302246
INFO:root:    V: 
INFO:root:    K1:VIS-PRM_BF_DAMP_V_INMON.HIHI: 74.8314054757
INFO:root:    K1:VIS-PRM_BF_DAMP_V_INMON.HIGH: 14.8314054757
INFO:root:    K1:VIS-PRM_BF_DAMP_V_INMON.LOW: -15.1685945243
INFO:root:    K1:VIS-PRM_BF_DAMP_V_INMON.LOLO: -75.1685945243
INFO:root:Updating PR2...
INFO:root:    P: 
INFO:root:    K1:VIS-PR2_BF_DAMP_P_INMON.HIHI: -2785.4128418
INFO:root:    K1:VIS-PR2_BF_DAMP_P_INMON.HIGH: -2905.4128418
INFO:root:    K1:VIS-PR2_BF_DAMP_P_INMON.LOW: -2965.4128418
INFO:root:    K1:VIS-PR2_BF_DAMP_P_INMON.LOLO: -3085.4128418
INFO:root:    Y: 
INFO:root:    K1:VIS-PR2_BF_DAMP_Y_INMON.HIHI: -2124.95410156
INFO:root:    K1:VIS-PR2_BF_DAMP_Y_INMON.HIGH: -2224.95410156
INFO:root:    K1:VIS-PR2_BF_DAMP_Y_INMON.LOW: -2274.95410156
INFO:root:    K1:VIS-PR2_BF_DAMP_Y_INMON.LOLO: -2374.95410156
INFO:root:    V: 
INFO:root:    K1:VIS-PR2_BF_DAMP_V_INMON.HIHI: -1625.28625488
INFO:root:    K1:VIS-PR2_BF_DAMP_V_INMON.HIGH: -1685.28625488
INFO:root:    K1:VIS-PR2_BF_DAMP_V_INMON.LOW: -1715.28625488
INFO:root:    K1:VIS-PR2_BF_DAMP_V_INMON.LOLO: -1775.28625488
INFO:root:Updating PR3...
INFO:root:    P: 
INFO:root:    K1:VIS-PR3_BF_DAMP_P_INMON.HIHI: -913.301330566
INFO:root:    K1:VIS-PR3_BF_DAMP_P_INMON.HIGH: -933.301330566
INFO:root:    K1:VIS-PR3_BF_DAMP_P_INMON.LOW: -943.301330566
INFO:root:    K1:VIS-PR3_BF_DAMP_P_INMON.LOLO: -963.301330566
INFO:root:    Y: 
INFO:root:    K1:VIS-PR3_BF_DAMP_Y_INMON.HIHI: 5662.76708984
INFO:root:    K1:VIS-PR3_BF_DAMP_Y_INMON.HIGH: 5642.76708984
INFO:root:    K1:VIS-PR3_BF_DAMP_Y_INMON.LOW: 5632.76708984
INFO:root:    K1:VIS-PR3_BF_DAMP_Y_INMON.LOLO: 5612.76708984
INFO:root:    V: 
INFO:root:    K1:VIS-PR3_BF_DAMP_V_INMON.HIHI: 507.850891113
INFO:root:    K1:VIS-PR3_BF_DAMP_V_INMON.HIGH: 447.850891113
INFO:root:    K1:VIS-PR3_BF_DAMP_V_INMON.LOW: 417.850891113
INFO:root:    K1:VIS-PR3_BF_DAMP_V_INMON.LOLO: 357.850891113
INFO:root:Updating SRM...
INFO:root:    P: 
INFO:root:    K1:VIS-SRM_IM_DAMP_P_INMON.HIHI: 3254.27563477
INFO:root:    K1:VIS-SRM_IM_DAMP_P_INMON.HIGH: 3174.27563477
INFO:root:    K1:VIS-SRM_IM_DAMP_P_INMON.LOW: 3134.27563477
INFO:root:    K1:VIS-SRM_IM_DAMP_P_INMON.LOLO: 3054.27563477
INFO:root:    Y: 
INFO:root:    K1:VIS-SRM_IM_DAMP_Y_INMON.HIHI: -4985.07666016
INFO:root:    K1:VIS-SRM_IM_DAMP_Y_INMON.HIGH: -5185.07666016
INFO:root:    K1:VIS-SRM_IM_DAMP_Y_INMON.LOW: -5285.07666016
INFO:root:    K1:VIS-SRM_IM_DAMP_Y_INMON.LOLO: -5485.07666016
INFO:root:    V: 
INFO:root:    K1:VIS-SRM_IM_DAMP_V_INMON.HIHI: -118.088470459
INFO:root:    K1:VIS-SRM_IM_DAMP_V_INMON.HIGH: -178.088470459
INFO:root:    K1:VIS-SRM_IM_DAMP_V_INMON.LOW: -208.088470459
INFO:root:    K1:VIS-SRM_IM_DAMP_V_INMON.LOLO: -268.088470459
INFO:root:Updating SR2...
INFO:root:    P: 
INFO:root:    K1:VIS-SR2_IM_DAMP_P_INMON.HIHI: -90.3012390137
INFO:root:    K1:VIS-SR2_IM_DAMP_P_INMON.HIGH: -170.301239014
INFO:root:    K1:VIS-SR2_IM_DAMP_P_INMON.LOW: -210.301239014
INFO:root:    K1:VIS-SR2_IM_DAMP_P_INMON.LOLO: -290.301239014
INFO:root:    Y: 
INFO:root:    K1:VIS-SR2_IM_DAMP_Y_INMON.HIHI: 4190.48657227
INFO:root:    K1:VIS-SR2_IM_DAMP_Y_INMON.HIGH: 4070.48657227
INFO:root:    K1:VIS-SR2_IM_DAMP_Y_INMON.LOW: 4010.48657227
INFO:root:    K1:VIS-SR2_IM_DAMP_Y_INMON.LOLO: 3890.48657227
INFO:root:    V: 
INFO:root:    K1:VIS-SR2_IM_DAMP_V_INMON.HIHI: 149.423719406
INFO:root:    K1:VIS-SR2_IM_DAMP_V_INMON.HIGH: 49.4237194061
INFO:root:    K1:VIS-SR2_IM_DAMP_V_INMON.LOW: -0.576280593872
INFO:root:    K1:VIS-SR2_IM_DAMP_V_INMON.LOLO: -100.576280594
INFO:root:Updating SR3...
INFO:root:    P: 
INFO:root:    K1:VIS-SR3_IM_DAMP_P_INMON.HIHI: 168.104003906
INFO:root:    K1:VIS-SR3_IM_DAMP_P_INMON.HIGH: 148.104003906
INFO:root:    K1:VIS-SR3_IM_DAMP_P_INMON.LOW: 138.104003906
INFO:root:    K1:VIS-SR3_IM_DAMP_P_INMON.LOLO: 118.104003906
INFO:root:    Y: 
INFO:root:    K1:VIS-SR3_IM_DAMP_Y_INMON.HIHI: 6479.63769531
INFO:root:    K1:VIS-SR3_IM_DAMP_Y_INMON.HIGH: 6459.63769531
INFO:root:    K1:VIS-SR3_IM_DAMP_Y_INMON.LOW: 6449.63769531
INFO:root:    K1:VIS-SR3_IM_DAMP_Y_INMON.LOLO: 6429.63769531
INFO:root:    V: 
INFO:root:    K1:VIS-SR3_IM_DAMP_V_INMON.HIHI: 650.407043457
INFO:root:    K1:VIS-SR3_IM_DAMP_V_INMON.HIGH: 590.407043457
INFO:root:    K1:VIS-SR3_IM_DAMP_V_INMON.LOW: 560.407043457
INFO:root:    K1:VIS-SR3_IM_DAMP_V_INMON.LOLO: 500.407043457
INFO:root:Updating ITMX...
INFO:root:    P: 
INFO:root:    K1:VIS-ITMX_BF_DAMP_P_INMON.HIHI: -500.967773438
INFO:root:    K1:VIS-ITMX_BF_DAMP_P_INMON.HIGH: -520.967773438
INFO:root:    K1:VIS-ITMX_BF_DAMP_P_INMON.LOW: -530.967773438
INFO:root:    K1:VIS-ITMX_BF_DAMP_P_INMON.LOLO: -550.967773438
INFO:root:    Y: 
INFO:root:    K1:VIS-ITMX_BF_DAMP_Y_INMON.HIHI: 156.095062256
INFO:root:    K1:VIS-ITMX_BF_DAMP_Y_INMON.HIGH: 136.095062256
INFO:root:    K1:VIS-ITMX_BF_DAMP_Y_INMON.LOW: 126.095062256
INFO:root:    K1:VIS-ITMX_BF_DAMP_Y_INMON.LOLO: 106.095062256
INFO:root:    V: 
INFO:root:    K1:VIS-ITMX_BF_DAMP_V_INMON.HIHI: -401.958404541
INFO:root:    K1:VIS-ITMX_BF_DAMP_V_INMON.HIGH: -481.958404541
INFO:root:    K1:VIS-ITMX_BF_DAMP_V_INMON.LOW: -521.958404541
INFO:root:    K1:VIS-ITMX_BF_DAMP_V_INMON.LOLO: -601.958404541
INFO:root:Updating ITMY...
INFO:root:    P: 
INFO:root:    K1:VIS-ITMY_BF_DAMP_P_INMON.HIHI: -1911.59887695
INFO:root:    K1:VIS-ITMY_BF_DAMP_P_INMON.HIGH: -1931.59887695
INFO:root:    K1:VIS-ITMY_BF_DAMP_P_INMON.LOW: -1941.59887695
INFO:root:    K1:VIS-ITMY_BF_DAMP_P_INMON.LOLO: -1961.59887695
INFO:root:    Y: 
INFO:root:    K1:VIS-ITMY_BF_DAMP_Y_INMON.HIHI: -346.504608154
INFO:root:    K1:VIS-ITMY_BF_DAMP_Y_INMON.HIGH: -366.504608154
INFO:root:    K1:VIS-ITMY_BF_DAMP_Y_INMON.LOW: -376.504608154
INFO:root:    K1:VIS-ITMY_BF_DAMP_Y_INMON.LOLO: -396.504608154
INFO:root:    V: 
INFO:root:    K1:VIS-ITMY_BF_DAMP_V_INMON.HIHI: -658.712524414
INFO:root:    K1:VIS-ITMY_BF_DAMP_V_INMON.HIGH: -738.712524414
INFO:root:    K1:VIS-ITMY_BF_DAMP_V_INMON.LOW: -778.712524414
INFO:root:    K1:VIS-ITMY_BF_DAMP_V_INMON.LOLO: -858.712524414
INFO:root:Updating ETMX...
INFO:root:    P: 
INFO:root:    K1:VIS-ETMX_BF_DAMP_P_INMON.HIHI: -3858.09448242
INFO:root:    K1:VIS-ETMX_BF_DAMP_P_INMON.HIGH: -3878.09448242
INFO:root:    K1:VIS-ETMX_BF_DAMP_P_INMON.LOW: -3888.09448242
INFO:root:    K1:VIS-ETMX_BF_DAMP_P_INMON.LOLO: -3908.09448242
INFO:root:    Y: 
INFO:root:    K1:VIS-ETMX_BF_DAMP_Y_INMON.HIHI: -1384.57470703
INFO:root:    K1:VIS-ETMX_BF_DAMP_Y_INMON.HIGH: -1404.57470703
INFO:root:    K1:VIS-ETMX_BF_DAMP_Y_INMON.LOW: -1414.57470703
INFO:root:    K1:VIS-ETMX_BF_DAMP_Y_INMON.LOLO: -1434.57470703
INFO:root:    V: 
INFO:root:    K1:VIS-ETMX_BF_DAMP_V_INMON.HIHI: 4911.14208984
INFO:root:    K1:VIS-ETMX_BF_DAMP_V_INMON.HIGH: 4831.14208984
INFO:root:    K1:VIS-ETMX_BF_DAMP_V_INMON.LOW: 4791.14208984
INFO:root:    K1:VIS-ETMX_BF_DAMP_V_INMON.LOLO: 4711.14208984
INFO:root:Updating ETMY...
INFO:root:    P: 
INFO:root:    K1:VIS-ETMY_BF_DAMP_P_INMON.HIHI: -1834.53735352
INFO:root:    K1:VIS-ETMY_BF_DAMP_P_INMON.HIGH: -1854.53735352
INFO:root:    K1:VIS-ETMY_BF_DAMP_P_INMON.LOW: -1864.53735352
INFO:root:    K1:VIS-ETMY_BF_DAMP_P_INMON.LOLO: -1884.53735352
INFO:root:    Y: 
INFO:root:    K1:VIS-ETMY_BF_DAMP_Y_INMON.HIHI: 4009.58666992
INFO:root:    K1:VIS-ETMY_BF_DAMP_Y_INMON.HIGH: 3989.58666992
INFO:root:    K1:VIS-ETMY_BF_DAMP_Y_INMON.LOW: 3979.58666992
INFO:root:    K1:VIS-ETMY_BF_DAMP_Y_INMON.LOLO: 3959.58666992
INFO:root:    V: 
INFO:root:    K1:VIS-ETMY_BF_DAMP_V_INMON.HIHI: -3692.95361328
INFO:root:    K1:VIS-ETMY_BF_DAMP_V_INMON.HIGH: -3772.95361328
INFO:root:    K1:VIS-ETMY_BF_DAMP_V_INMON.LOW: -3812.95361328
INFO:root:    K1:VIS-ETMY_BF_DAMP_V_INMON.LOLO: -3892.95361328
INFO:root:Updating BS...
INFO:root:    P: 
INFO:root:    K1:VIS-BS_IM_DAMP_P_INMON.HIHI: -1271.31225586
INFO:root:    K1:VIS-BS_IM_DAMP_P_INMON.HIGH: -1351.31225586
INFO:root:    K1:VIS-BS_IM_DAMP_P_INMON.LOW: -1391.31225586
INFO:root:    K1:VIS-BS_IM_DAMP_P_INMON.LOLO: -1471.31225586
INFO:root:    Y: 
INFO:root:    K1:VIS-BS_IM_DAMP_Y_INMON.HIHI: 1009.93444824
INFO:root:    K1:VIS-BS_IM_DAMP_Y_INMON.HIGH: 989.934448242
INFO:root:    K1:VIS-BS_IM_DAMP_Y_INMON.LOW: 979.934448242
INFO:root:    K1:VIS-BS_IM_DAMP_Y_INMON.LOLO: 959.934448242
INFO:root:    V: 
INFO:root:    K1:VIS-BS_IM_DAMP_V_INMON.HIHI: -144.441101074
INFO:root:    K1:VIS-BS_IM_DAMP_V_INMON.HIGH: -224.441101074
INFO:root:    K1:VIS-BS_IM_DAMP_V_INMON.LOW: -264.441101074
INFO:root:    K1:VIS-BS_IM_DAMP_V_INMON.LOLO: -344.441101074
INFO:root:Update completed successfully
