INFO:root:Start time: 1227291459.0
INFO:root:Duration: 900.0
INFO:root:Connected to NDS host k1nds1:8088
INFO:root:Updating PRM...
INFO:root:    P: 
INFO:root:    K1:VIS-PRM_BF_DAMP_P_INMON.HIHI: 4971.37451172
INFO:root:    K1:VIS-PRM_BF_DAMP_P_INMON.HIGH: 4891.37451172
INFO:root:    K1:VIS-PRM_BF_DAMP_P_INMON.LOW: 4851.37451172
INFO:root:    K1:VIS-PRM_BF_DAMP_P_INMON.LOLO: 4771.37451172
INFO:root:    Y: 
INFO:root:    K1:VIS-PRM_BF_DAMP_Y_INMON.HIHI: 1617.48706055
INFO:root:    K1:VIS-PRM_BF_DAMP_Y_INMON.HIGH: 1557.48706055
INFO:root:    K1:VIS-PRM_BF_DAMP_Y_INMON.LOW: 1527.48706055
INFO:root:    K1:VIS-PRM_BF_DAMP_Y_INMON.LOLO: 1467.48706055
INFO:root:    V: 
INFO:root:    K1:VIS-PRM_BF_DAMP_V_INMON.HIHI: 74.7945181131
INFO:root:    K1:VIS-PRM_BF_DAMP_V_INMON.HIGH: 14.7945181131
INFO:root:    K1:VIS-PRM_BF_DAMP_V_INMON.LOW: -15.2054818869
INFO:root:    K1:VIS-PRM_BF_DAMP_V_INMON.LOLO: -75.2054818869
INFO:root:Update completed successfully
