INFO:root:Start time: 1232360070.47
INFO:root:Duration: 10.0
INFO:root:Connected to NDS host k1nds1:8088
INFO:root:Updating BS...
INFO:root:    PIT: 
INFO:root:Start time: 1232360070.47
INFO:root:Duration: 10.0
INFO:root:Connected to NDS host k1nds1:8088
INFO:root:Updating BS...
INFO:root:    PIT: 
INFO:root:    K1:VIS-MCE_TM_OPLEV_PIT_OUTPUT.HIHI: 100.49979990720749
INFO:root:    K1:VIS-MCE_TM_OPLEV_PIT_OUTPUT.HIGH: 20.49979990720749
INFO:root:    K1:VIS-MCE_TM_OPLEV_PIT_OUTPUT.LOW: -19.50020009279251
INFO:root:    K1:VIS-MCE_TM_OPLEV_PIT_OUTPUT.LOLO: -99.50020009279251
INFO:root:    YAW: 
INFO:root:    K1:VIS-MCE_TM_OPLEV_YAW_OUTPUT.HIHI: 95.6091742515564
INFO:root:    K1:VIS-MCE_TM_OPLEV_YAW_OUTPUT.HIGH: 15.609174251556396
INFO:root:    K1:VIS-MCE_TM_OPLEV_YAW_OUTPUT.LOW: -24.390825748443604
INFO:root:    K1:VIS-MCE_TM_OPLEV_YAW_OUTPUT.LOLO: -104.3908257484436
INFO:root:Update completed successfully
INFO:root:Start time: 1232360070.47
INFO:root:Duration: 10.0
INFO:root:Connected to NDS host k1nds1:8088
INFO:root:Updating BS...
INFO:root:Start time: 1232360070.47
INFO:root:Duration: 10.0
INFO:root:Connected to NDS host k1nds1:8088
INFO:root:Updating BS...
INFO:root:Start time: 1232360070.47
INFO:root:Duration: 10.0
INFO:root:Connected to NDS host k1nds1:8088
INFO:root:Updating BS...
INFO:root:    TILT_PIT: 
INFO:root:    K1:VIS-ITMX_TM_OPLEV_TILT_PIT_OUTPUT.HIHI: 67.46904373168945
INFO:root:    K1:VIS-ITMX_TM_OPLEV_TILT_PIT_OUTPUT.HIGH: -12.530956268310547
INFO:root:    K1:VIS-ITMX_TM_OPLEV_TILT_PIT_OUTPUT.LOW: -52.53095626831055
INFO:root:    K1:VIS-ITMX_TM_OPLEV_TILT_PIT_OUTPUT.LOLO: -132.53095626831055
INFO:root:    TILT_YAW: 
INFO:root:    K1:VIS-ITMX_TM_OPLEV_TILT_YAW_OUTPUT.HIHI: 94.26610231399536
INFO:root:    K1:VIS-ITMX_TM_OPLEV_TILT_YAW_OUTPUT.HIGH: 14.266102313995361
INFO:root:    K1:VIS-ITMX_TM_OPLEV_TILT_YAW_OUTPUT.LOW: -25.73389768600464
INFO:root:    K1:VIS-ITMX_TM_OPLEV_TILT_YAW_OUTPUT.LOLO: -105.73389768600464
INFO:root:Update completed successfully
INFO:root:Start time: 1232360070.47
INFO:root:Duration: 10.0
INFO:root:Connected to NDS host k1nds1:8088
INFO:root:Updating BS...
INFO:root:Start time: 1232360070.47
INFO:root:Duration: 10.0
INFO:root:Connected to NDS host k1nds1:8088
INFO:root:Updating BS...
INFO:root:    PIT: 
INFO:root:    K1:VIS-BS_TM_OPLEV_PIT_DIAGMON.HIHI: 105.38897752761841
INFO:root:    K1:VIS-BS_TM_OPLEV_PIT_DIAGMON.HIGH: 25.388977527618408
INFO:root:    K1:VIS-BS_TM_OPLEV_PIT_DIAGMON.LOW: -14.611022472381592
INFO:root:    K1:VIS-BS_TM_OPLEV_PIT_DIAGMON.LOLO: -94.61102247238159
INFO:root:    YAW: 
INFO:root:    K1:VIS-BS_TM_OPLEV_YAW_DIAGMON.HIHI: 95.43371343612671
INFO:root:    K1:VIS-BS_TM_OPLEV_YAW_DIAGMON.HIGH: 15.433713436126709
INFO:root:    K1:VIS-BS_TM_OPLEV_YAW_DIAGMON.LOW: -24.56628656387329
INFO:root:    K1:VIS-BS_TM_OPLEV_YAW_DIAGMON.LOLO: -104.56628656387329
INFO:root:Update completed successfully
INFO:root:Start time: 1232360070.47
INFO:root:Duration: 10.0
INFO:root:Connected to NDS host k1nds1:8088
INFO:root:Updating BS...
INFO:root:    TILT_PIT: 
INFO:root:    K1:VIS-ITMX_TM_OPLEV_TILT_PIT_OUTPUT.HIHI: 67.46904373168945
INFO:root:    K1:VIS-ITMX_TM_OPLEV_TILT_PIT_OUTPUT.HIGH: -12.530956268310547
INFO:root:    K1:VIS-ITMX_TM_OPLEV_TILT_PIT_OUTPUT.LOW: -52.53095626831055
INFO:root:    K1:VIS-ITMX_TM_OPLEV_TILT_PIT_OUTPUT.LOLO: -132.53095626831055
INFO:root:    TILT_YAW: 
INFO:root:    K1:VIS-ITMX_TM_OPLEV_TILT_YAW_OUTPUT.HIHI: 94.26610231399536
INFO:root:    K1:VIS-ITMX_TM_OPLEV_TILT_YAW_OUTPUT.HIGH: 14.266102313995361
INFO:root:    K1:VIS-ITMX_TM_OPLEV_TILT_YAW_OUTPUT.LOW: -25.73389768600464
INFO:root:    K1:VIS-ITMX_TM_OPLEV_TILT_YAW_OUTPUT.LOLO: -105.73389768600464
INFO:root:Update completed successfully
