INFO:root:Start time: 1232341719.0
INFO:root:Duration: 10.0
INFO:root:Connected to NDS host k1nds1:8088
INFO:root:Updating PRM...
INFO:root:    P: 
INFO:root:Start time: 1232341719.0
INFO:root:Duration: 10.0
INFO:root:Connected to NDS host k1nds1:8088
INFO:root:Updating PRM...
INFO:root:    P: 
INFO:root:Start time: 1232341719.0
INFO:root:Duration: 10.0
INFO:root:Connected to NDS host k1nds1:8088
INFO:root:Updating PRM...
INFO:root:    P: 
INFO:root:Start time: 1232341719.0
INFO:root:Duration: 10.0
INFO:root:Connected to NDS host k1nds1:8088
INFO:root:Updating PRM...
INFO:root:    P: 
