INFO:root:Start time: 1232344474
INFO:root:Duration: 10
INFO:root:Connected to NDS host k1nds1:8088
INFO:root:Updating BS...
INFO:root:Start time: 1232344474
INFO:root:Duration: 10
INFO:root:Connected to NDS host k1nds1:8088
INFO:root:Updating BS...
INFO:root:Start time: 1232344474
INFO:root:Duration: 10
INFO:root:Connected to NDS host k1nds1:8088
INFO:root:Updating BS...
INFO:root:Start time: 1232344474
INFO:root:Duration: 10
INFO:root:Connected to NDS host k1nds1:8088
INFO:root:Updating BS...
INFO:root:Start time: 1232344474
INFO:root:Duration: 10
INFO:root:Connected to NDS host k1nds1:8088
INFO:root:Updating BS...
INFO:root:    GAS: 
INFO:root:Start time: 1232344474
INFO:root:Duration: 10
INFO:root:Connected to NDS host k1nds1:8088
INFO:root:Updating BS...
INFO:root:    GAS: 
INFO:root:Start time: 1232344474
INFO:root:Duration: 10
INFO:root:Connected to NDS host k1nds1:8088
INFO:root:Updating BS...
INFO:root:    GAS: 
INFO:root:    K1:VIS-PRM_SF_DAMP_GAS_INMON.HIHI: 1665.719970703125
INFO:root:    K1:VIS-PRM_SF_DAMP_GAS_INMON.HIGH: 1585.719970703125
INFO:root:    K1:VIS-PRM_SF_DAMP_GAS_INMON.LOW: 1545.719970703125
INFO:root:    K1:VIS-PRM_SF_DAMP_GAS_INMON.LOLO: 1465.719970703125
INFO:root:Update completed successfully
INFO:root:Start time: 1232344474
INFO:root:Duration: 10
INFO:root:Connected to NDS host k1nds1:8088
INFO:root:Updating BS...
INFO:root:    P: 
INFO:root:    K1:VIS-PRM_TM_DAMP_P_INMON.HIHI: 100.0
INFO:root:    K1:VIS-PRM_TM_DAMP_P_INMON.HIGH: 20.0
INFO:root:    K1:VIS-PRM_TM_DAMP_P_INMON.LOW: -20.0
INFO:root:    K1:VIS-PRM_TM_DAMP_P_INMON.LOLO: -100.0
INFO:root:    Y: 
INFO:root:    K1:VIS-PRM_TM_DAMP_Y_INMON.HIHI: 100.0
INFO:root:    K1:VIS-PRM_TM_DAMP_Y_INMON.HIGH: 20.0
INFO:root:    K1:VIS-PRM_TM_DAMP_Y_INMON.LOW: -20.0
INFO:root:    K1:VIS-PRM_TM_DAMP_Y_INMON.LOLO: -100.0
INFO:root:    L: 
INFO:root:    K1:VIS-PRM_TM_DAMP_L_INMON.HIHI: 82.39897155761719
INFO:root:    K1:VIS-PRM_TM_DAMP_L_INMON.HIGH: 2.3989715576171875
INFO:root:    K1:VIS-PRM_TM_DAMP_L_INMON.LOW: -37.60102844238281
INFO:root:    K1:VIS-PRM_TM_DAMP_L_INMON.LOLO: -117.60102844238281
INFO:root:Update completed successfully
INFO:root:Start time: 1232344474
INFO:root:Duration: 10
INFO:root:Connected to NDS host k1nds1:8088
INFO:root:Updating BS...
INFO:root:    P: 
INFO:root:    K1:VIS-PRM_TM_DAMP_P_INMON.HIHI: 100.0
INFO:root:    K1:VIS-PRM_TM_DAMP_P_INMON.HIGH: 20.0
INFO:root:    K1:VIS-PRM_TM_DAMP_P_INMON.LOW: -20.0
INFO:root:    K1:VIS-PRM_TM_DAMP_P_INMON.LOLO: -100.0
INFO:root:    Y: 
INFO:root:    K1:VIS-PRM_TM_DAMP_Y_INMON.HIHI: 100.0
INFO:root:    K1:VIS-PRM_TM_DAMP_Y_INMON.HIGH: 20.0
INFO:root:    K1:VIS-PRM_TM_DAMP_Y_INMON.LOW: -20.0
INFO:root:    K1:VIS-PRM_TM_DAMP_Y_INMON.LOLO: -100.0
INFO:root:    L: 
INFO:root:    K1:VIS-PRM_TM_DAMP_L_INMON.HIHI: 82.39897155761719
INFO:root:    K1:VIS-PRM_TM_DAMP_L_INMON.HIGH: 2.3989715576171875
INFO:root:    K1:VIS-PRM_TM_DAMP_L_INMON.LOW: -37.60102844238281
INFO:root:    K1:VIS-PRM_TM_DAMP_L_INMON.LOLO: -117.60102844238281
INFO:root:Update completed successfully
INFO:root:Start time: 1232344474
INFO:root:Duration: 10
INFO:root:Connected to NDS host k1nds1:8088
INFO:root:Updating BS...
INFO:root:    P: 
INFO:root:    K1:VIS-PRM_TM_DAMP_P_INMON.HIHI: 100.0
INFO:root:    K1:VIS-PRM_TM_DAMP_P_INMON.HIGH: 20.0
INFO:root:    K1:VIS-PRM_TM_DAMP_P_INMON.LOW: -20.0
INFO:root:    K1:VIS-PRM_TM_DAMP_P_INMON.LOLO: -100.0
INFO:root:    Y: 
INFO:root:    K1:VIS-PRM_TM_DAMP_Y_INMON.HIHI: 100.0
INFO:root:    K1:VIS-PRM_TM_DAMP_Y_INMON.HIGH: 20.0
INFO:root:    K1:VIS-PRM_TM_DAMP_Y_INMON.LOW: -20.0
INFO:root:    K1:VIS-PRM_TM_DAMP_Y_INMON.LOLO: -100.0
INFO:root:    L: 
INFO:root:    K1:VIS-PRM_TM_DAMP_L_INMON.HIHI: 82.39897155761719
INFO:root:    K1:VIS-PRM_TM_DAMP_L_INMON.HIGH: 2.3989715576171875
INFO:root:    K1:VIS-PRM_TM_DAMP_L_INMON.LOW: -37.60102844238281
INFO:root:    K1:VIS-PRM_TM_DAMP_L_INMON.LOLO: -117.60102844238281
INFO:root:Update completed successfully
INFO:root:Start time: 1232344474
INFO:root:Duration: 10
INFO:root:Connected to NDS host k1nds1:8088
INFO:root:Update completed successfully
INFO:root:Start time: 1232344474
INFO:root:Duration: 10
INFO:root:Connected to NDS host k1nds1:8088
INFO:root:Start time: 1232344474
INFO:root:Duration: 10
INFO:root:Connected to NDS host k1nds1:8088
INFO:root:Start time: 1232344474
INFO:root:Duration: 10
INFO:root:Connected to NDS host k1nds1:8088
INFO:root:Updating BS...
INFO:root:Start time: 1232344474
INFO:root:Duration: 10
INFO:root:Connected to NDS host k1nds1:8088
INFO:root:Updating BS...
INFO:root:Start time: 1232344474
INFO:root:Duration: 10
INFO:root:Connected to NDS host k1nds1:8088
INFO:root:Updating BS...
INFO:root:    TILT_PIT: 
INFO:root:Start time: 1232344474
INFO:root:Duration: 10
INFO:root:Connected to NDS host k1nds1:8088
INFO:root:Updating BS...
INFO:root:    TILT_PIT: 
INFO:root:Start time: 1232344474
INFO:root:Duration: 10
INFO:root:Connected to NDS host k1nds1:8088
INFO:root:Updating BS...
INFO:root:    TILT_PIT: 
INFO:root:Start time: 1232344474
INFO:root:Duration: 10
INFO:root:Connected to NDS host k1nds1:8088
INFO:root:Updating BS...
INFO:root:Start time: 1232344474
INFO:root:Duration: 10
INFO:root:Connected to NDS host k1nds1:8088
INFO:root:Updating BS...
INFO:root:Start time: 1232344474
INFO:root:Duration: 10
INFO:root:Connected to NDS host k1nds1:8088
INFO:root:Updating BS...
INFO:root:Start time: 1232344474
INFO:root:Duration: 10
INFO:root:Connected to NDS host k1nds1:8088
INFO:root:Updating BS...
INFO:root:Start time: 1232344474
INFO:root:Duration: 10
INFO:root:Connected to NDS host k1nds1:8088
INFO:root:Updating BS...
INFO:root:Start time: 1232344474
INFO:root:Duration: 10
INFO:root:Connected to NDS host k1nds1:8088
INFO:root:Updating BS...
INFO:root:    PIT: 
INFO:root:Start time: 1232344474
INFO:root:Duration: 10
INFO:root:Connected to NDS host k1nds1:8088
INFO:root:Updating BS...
INFO:root:    PIT: 
INFO:root:    K1:VIS-SRM_TM_OPLEV_PIT_DIAGMON.HIHI: 110.2539119720459
INFO:root:    K1:VIS-SRM_TM_OPLEV_PIT_DIAGMON.HIGH: 30.2539119720459
INFO:root:    K1:VIS-SRM_TM_OPLEV_PIT_DIAGMON.LOW: -9.746088027954102
INFO:root:    K1:VIS-SRM_TM_OPLEV_PIT_DIAGMON.LOLO: -89.7460880279541
INFO:root:    YAW: 
INFO:root:    K1:VIS-SRM_TM_OPLEV_YAW_DIAGMON.HIHI: 118.72894668579102
INFO:root:    K1:VIS-SRM_TM_OPLEV_YAW_DIAGMON.HIGH: 38.728946685791016
INFO:root:    K1:VIS-SRM_TM_OPLEV_YAW_DIAGMON.LOW: -1.2710533142089844
INFO:root:    K1:VIS-SRM_TM_OPLEV_YAW_DIAGMON.LOLO: -81.27105331420898
INFO:root:Update completed successfully
INFO:root:Start time: 1232344474
INFO:root:Duration: 10
INFO:root:Connected to NDS host k1nds1:8088
INFO:root:Updating BS...
INFO:root:    PIT: 
INFO:root:    K1:VIS-SRM_TM_OPLEV_PIT_DIAGMON.HIHI: 110.2539119720459
INFO:root:    K1:VIS-SRM_TM_OPLEV_PIT_DIAGMON.HIGH: 30.2539119720459
INFO:root:    K1:VIS-SRM_TM_OPLEV_PIT_DIAGMON.LOW: -9.746088027954102
INFO:root:    K1:VIS-SRM_TM_OPLEV_PIT_DIAGMON.LOLO: -89.7460880279541
INFO:root:    YAW: 
INFO:root:    K1:VIS-SRM_TM_OPLEV_YAW_DIAGMON.HIHI: 118.72894668579102
INFO:root:    K1:VIS-SRM_TM_OPLEV_YAW_DIAGMON.HIGH: 38.728946685791016
INFO:root:    K1:VIS-SRM_TM_OPLEV_YAW_DIAGMON.LOW: -1.2710533142089844
INFO:root:    K1:VIS-SRM_TM_OPLEV_YAW_DIAGMON.LOLO: -81.27105331420898
INFO:root:Update completed successfully
INFO:root:Start time: 1232344474
INFO:root:Duration: 10
INFO:root:Connected to NDS host k1nds1:8088
INFO:root:Updating BS...
INFO:root:    TILT_PIT: 
INFO:root:Start time: 1232344474
INFO:root:Duration: 10
INFO:root:Connected to NDS host k1nds1:8088
INFO:root:Updating BS...
INFO:root:    TILT_PIT: 
INFO:root:Start time: 1232344474
INFO:root:Duration: 10
INFO:root:Connected to NDS host k1nds1:8088
INFO:root:Updating BS...
INFO:root:    TILT_PIT: 
INFO:root:Start time: 1232344474
INFO:root:Duration: 10
INFO:root:Connected to NDS host k1nds1:8088
INFO:root:Updating BS...
INFO:root:    TILT_PIT: 
INFO:root:Start time: 1232344474
INFO:root:Duration: 10
INFO:root:Connected to NDS host k1nds1:8088
INFO:root:Updating BS...
INFO:root:    PIT: 
INFO:root:    K1:VIS-SRM_TM_OPLEV_PIT_DIAGMON.HIHI: 110.2539119720459
INFO:root:    K1:VIS-SRM_TM_OPLEV_PIT_DIAGMON.HIGH: 30.2539119720459
INFO:root:    K1:VIS-SRM_TM_OPLEV_PIT_DIAGMON.LOW: -9.746088027954102
INFO:root:    K1:VIS-SRM_TM_OPLEV_PIT_DIAGMON.LOLO: -89.7460880279541
INFO:root:    YAW: 
INFO:root:    K1:VIS-SRM_TM_OPLEV_YAW_DIAGMON.HIHI: 118.72894668579102
INFO:root:    K1:VIS-SRM_TM_OPLEV_YAW_DIAGMON.HIGH: 38.728946685791016
INFO:root:    K1:VIS-SRM_TM_OPLEV_YAW_DIAGMON.LOW: -1.2710533142089844
INFO:root:    K1:VIS-SRM_TM_OPLEV_YAW_DIAGMON.LOLO: -81.27105331420898
INFO:root:Update completed successfully
INFO:root:Start time: 1232344474
INFO:root:Duration: 10
INFO:root:Connected to NDS host k1nds1:8088
INFO:root:Updating BS...
INFO:root:Start time: 1232344474
INFO:root:Duration: 10
INFO:root:Connected to NDS host k1nds1:8088
INFO:root:Updating BS...
INFO:root:    TILT_PIT: 
INFO:root:Start time: 1232344474
INFO:root:Duration: 10
INFO:root:Connected to NDS host k1nds1:8088
INFO:root:Updating BS...
INFO:root:    TILT_PIT: 
INFO:root:Start time: 1232344474
INFO:root:Duration: 10
INFO:root:Connected to NDS host k1nds1:8088
INFO:root:Updating BS...
INFO:root:    PIT: 
INFO:root:Start time: 1232344474
INFO:root:Duration: 10
INFO:root:Connected to NDS host k1nds1:8088
INFO:root:Updating BS...
INFO:root:Start time: 1232344474
INFO:root:Duration: 10
INFO:root:Connected to NDS host k1nds1:8088
INFO:root:Updating BS...
INFO:root:Start time: 1232344474
INFO:root:Duration: 10
INFO:root:Connected to NDS host k1nds1:8088
INFO:root:Updating BS...
INFO:root:    P: 
INFO:root:Start time: 1232344474
INFO:root:Duration: 10
INFO:root:Connected to NDS host k1nds1:8088
INFO:root:Updating BS...
INFO:root:    P: 
INFO:root:Start time: 1232344474
INFO:root:Duration: 10
INFO:root:Connected to NDS host k1nds1:8088
INFO:root:Updating BS...
INFO:root:Start time: 1232344474
INFO:root:Duration: 10
INFO:root:Connected to NDS host k1nds1:8088
INFO:root:Updating BS...
INFO:root:Start time: 1232344474
INFO:root:Duration: 10
INFO:root:Connected to NDS host k1nds1:8088
INFO:root:Updating BS...
INFO:root:    PIT: 
INFO:root:Start time: 1232344474
INFO:root:Duration: 10
INFO:root:Connected to NDS host k1nds1:8088
INFO:root:Updating BS...
INFO:root:    PIT: 
INFO:root:Start time: 1232344474
INFO:root:Duration: 10
INFO:root:Connected to NDS host k1nds1:8088
INFO:root:Updating BS...
INFO:root:    PIT: 
INFO:root:Start time: 1232344474
INFO:root:Duration: 10
INFO:root:Connected to NDS host k1nds1:8088
INFO:root:Updating BS...
INFO:root:    PIT: 
INFO:root:Start time: 1232344474
INFO:root:Duration: 10
INFO:root:Connected to NDS host k1nds1:8088
INFO:root:Updating BS...
INFO:root:    PIT: 
INFO:root:Start time: 1232344474
INFO:root:Duration: 10
INFO:root:Connected to NDS host k1nds1:8088
INFO:root:Updating BS...
INFO:root:    PIT: 
INFO:root:    K1:VIS-IMMT2_TM_OPLEV_PIT_OUTPUT.HIHI: 274.78721618652344
INFO:root:    K1:VIS-IMMT2_TM_OPLEV_PIT_OUTPUT.HIGH: 194.78721618652344
INFO:root:    K1:VIS-IMMT2_TM_OPLEV_PIT_OUTPUT.LOW: 154.78721618652344
INFO:root:    K1:VIS-IMMT2_TM_OPLEV_PIT_OUTPUT.LOLO: 74.78721618652344
INFO:root:    YAW: 
INFO:root:    K1:VIS-IMMT2_TM_OPLEV_YAW_OUTPUT.HIHI: 98.34444272518158
INFO:root:    K1:VIS-IMMT2_TM_OPLEV_YAW_OUTPUT.HIGH: 18.34444272518158
INFO:root:    K1:VIS-IMMT2_TM_OPLEV_YAW_OUTPUT.LOW: -21.65555727481842
INFO:root:    K1:VIS-IMMT2_TM_OPLEV_YAW_OUTPUT.LOLO: -101.65555727481842
INFO:root:Update completed successfully
INFO:root:Start time: 1232344474
INFO:root:Duration: 10
INFO:root:Connected to NDS host k1nds1:8088
INFO:root:Updating BS...
INFO:root:    PIT: 
INFO:root:    K1:VIS-MCE_TM_OPLEV_PIT_OUTPUT.HIHI: 100.2721144258976
INFO:root:    K1:VIS-MCE_TM_OPLEV_PIT_OUTPUT.HIGH: 20.2721144258976
INFO:root:    K1:VIS-MCE_TM_OPLEV_PIT_OUTPUT.LOW: -19.7278855741024
INFO:root:    K1:VIS-MCE_TM_OPLEV_PIT_OUTPUT.LOLO: -99.7278855741024
INFO:root:    YAW: 
INFO:root:    K1:VIS-MCE_TM_OPLEV_YAW_OUTPUT.HIHI: 94.39554071426392
INFO:root:    K1:VIS-MCE_TM_OPLEV_YAW_OUTPUT.HIGH: 14.395540714263916
INFO:root:    K1:VIS-MCE_TM_OPLEV_YAW_OUTPUT.LOW: -25.604459285736084
INFO:root:    K1:VIS-MCE_TM_OPLEV_YAW_OUTPUT.LOLO: -105.60445928573608
INFO:root:Update completed successfully
INFO:root:Start time: 1232344474
INFO:root:Duration: 10
INFO:root:Connected to NDS host k1nds1:8088
INFO:root:Updating BS...
INFO:root:    TILT_PIT: 
INFO:root:    K1:VIS-PR2_TM_OPLEV_TILT_PIT_OUTPUT.HIHI: -14.789039611816406
INFO:root:    K1:VIS-PR2_TM_OPLEV_TILT_PIT_OUTPUT.HIGH: -94.7890396118164
INFO:root:    K1:VIS-PR2_TM_OPLEV_TILT_PIT_OUTPUT.LOW: -134.7890396118164
INFO:root:    K1:VIS-PR2_TM_OPLEV_TILT_PIT_OUTPUT.LOLO: -214.7890396118164
INFO:root:    TILT_YAW: 
INFO:root:    K1:VIS-PR2_TM_OPLEV_TILT_YAW_OUTPUT.HIHI: 140.2642936706543
INFO:root:    K1:VIS-PR2_TM_OPLEV_TILT_YAW_OUTPUT.HIGH: 60.2642936706543
INFO:root:    K1:VIS-PR2_TM_OPLEV_TILT_YAW_OUTPUT.LOW: 20.264293670654297
INFO:root:    K1:VIS-PR2_TM_OPLEV_TILT_YAW_OUTPUT.LOLO: -59.7357063293457
INFO:root:Update completed successfully
INFO:root:Start time: 1232344474
INFO:root:Duration: 10
INFO:root:Connected to NDS host k1nds1:8088
INFO:root:Updating BS...
INFO:root:    PIT: 
INFO:root:    K1:VIS-MCE_TM_OPLEV_PIT_OUTPUT.HIHI: 100.2721144258976
INFO:root:    K1:VIS-MCE_TM_OPLEV_PIT_OUTPUT.HIGH: 20.2721144258976
INFO:root:    K1:VIS-MCE_TM_OPLEV_PIT_OUTPUT.LOW: -19.7278855741024
INFO:root:    K1:VIS-MCE_TM_OPLEV_PIT_OUTPUT.LOLO: -99.7278855741024
INFO:root:    YAW: 
INFO:root:    K1:VIS-MCE_TM_OPLEV_YAW_OUTPUT.HIHI: 94.39554071426392
INFO:root:    K1:VIS-MCE_TM_OPLEV_YAW_OUTPUT.HIGH: 14.395540714263916
INFO:root:    K1:VIS-MCE_TM_OPLEV_YAW_OUTPUT.LOW: -25.604459285736084
INFO:root:    K1:VIS-MCE_TM_OPLEV_YAW_OUTPUT.LOLO: -105.60445928573608
INFO:root:Update completed successfully
