INFO:root:Start time: 1227291459.0
INFO:root:Duration: 900.0
INFO:root:Connected to NDS host k1nds1:8088
INFO:root:Updating SR2...
INFO:root:    P: 
INFO:root:    K1:VIS-SR2_IM_DAMP_P_INMON.HIHI: -89.6589813232
INFO:root:    K1:VIS-SR2_IM_DAMP_P_INMON.HIGH: -169.658981323
INFO:root:    K1:VIS-SR2_IM_DAMP_P_INMON.LOW: -209.658981323
INFO:root:    K1:VIS-SR2_IM_DAMP_P_INMON.LOLO: -289.658981323
INFO:root:    Y: 
INFO:root:    K1:VIS-SR2_IM_DAMP_Y_INMON.HIHI: 4191.56103516
INFO:root:    K1:VIS-SR2_IM_DAMP_Y_INMON.HIGH: 4071.56103516
INFO:root:    K1:VIS-SR2_IM_DAMP_Y_INMON.LOW: 4011.56103516
INFO:root:    K1:VIS-SR2_IM_DAMP_Y_INMON.LOLO: 3891.56103516
INFO:root:    V: 
INFO:root:    K1:VIS-SR2_IM_DAMP_V_INMON.HIHI: 149.520273209
INFO:root:    K1:VIS-SR2_IM_DAMP_V_INMON.HIGH: 49.5202732086
INFO:root:    K1:VIS-SR2_IM_DAMP_V_INMON.LOW: -0.479726791382
INFO:root:    K1:VIS-SR2_IM_DAMP_V_INMON.LOLO: -100.479726791
INFO:root:Update completed successfully
