INFO:root:Start time: 1227368658.0
INFO:root:Duration: 900.0
INFO:root:Connected to NDS host k1nds1:8088
INFO:root:Updating PRM...
INFO:root:    P: 
INFO:root:    K1:VIS-PRM_BF_DAMP_P_INMON.HIHI: 4971.21728516
INFO:root:    K1:VIS-PRM_BF_DAMP_P_INMON.HIGH: 4891.21728516
INFO:root:    K1:VIS-PRM_BF_DAMP_P_INMON.LOW: 4851.21728516
INFO:root:    K1:VIS-PRM_BF_DAMP_P_INMON.LOLO: 4771.21728516
INFO:root:    Y: 
INFO:root:    K1:VIS-PRM_BF_DAMP_Y_INMON.HIHI: 1617.99523926
INFO:root:    K1:VIS-PRM_BF_DAMP_Y_INMON.HIGH: 1557.99523926
INFO:root:    K1:VIS-PRM_BF_DAMP_Y_INMON.LOW: 1527.99523926
INFO:root:    K1:VIS-PRM_BF_DAMP_Y_INMON.LOLO: 1467.99523926
INFO:root:    V: 
INFO:root:    K1:VIS-PRM_BF_DAMP_V_INMON.HIHI: 74.8247353584
INFO:root:    K1:VIS-PRM_BF_DAMP_V_INMON.HIGH: 14.8247353584
INFO:root:    K1:VIS-PRM_BF_DAMP_V_INMON.LOW: -15.1752646416
INFO:root:    K1:VIS-PRM_BF_DAMP_V_INMON.LOLO: -75.1752646416
INFO:root:Updating PR2...
INFO:root:    P: 
INFO:root:    K1:VIS-PR2_BF_DAMP_P_INMON.HIHI: -2786.31933594
INFO:root:    K1:VIS-PR2_BF_DAMP_P_INMON.HIGH: -2906.31933594
INFO:root:    K1:VIS-PR2_BF_DAMP_P_INMON.LOW: -2966.31933594
INFO:root:    K1:VIS-PR2_BF_DAMP_P_INMON.LOLO: -3086.31933594
INFO:root:    Y: 
INFO:root:    K1:VIS-PR2_BF_DAMP_Y_INMON.HIHI: -2130.45996094
INFO:root:    K1:VIS-PR2_BF_DAMP_Y_INMON.HIGH: -2230.45996094
INFO:root:    K1:VIS-PR2_BF_DAMP_Y_INMON.LOW: -2280.45996094
INFO:root:    K1:VIS-PR2_BF_DAMP_Y_INMON.LOLO: -2380.45996094
INFO:root:    V: 
INFO:root:    K1:VIS-PR2_BF_DAMP_V_INMON.HIHI: -1625.19140625
INFO:root:    K1:VIS-PR2_BF_DAMP_V_INMON.HIGH: -1685.19140625
INFO:root:    K1:VIS-PR2_BF_DAMP_V_INMON.LOW: -1715.19140625
INFO:root:    K1:VIS-PR2_BF_DAMP_V_INMON.LOLO: -1775.19140625
INFO:root:Updating PR3...
INFO:root:    P: 
INFO:root:    K1:VIS-PR3_BF_DAMP_P_INMON.HIHI: -914.096862793
INFO:root:    K1:VIS-PR3_BF_DAMP_P_INMON.HIGH: -934.096862793
INFO:root:    K1:VIS-PR3_BF_DAMP_P_INMON.LOW: -944.096862793
INFO:root:    K1:VIS-PR3_BF_DAMP_P_INMON.LOLO: -964.096862793
INFO:root:    Y: 
INFO:root:    K1:VIS-PR3_BF_DAMP_Y_INMON.HIHI: 5662.80224609
INFO:root:    K1:VIS-PR3_BF_DAMP_Y_INMON.HIGH: 5642.80224609
INFO:root:    K1:VIS-PR3_BF_DAMP_Y_INMON.LOW: 5632.80224609
INFO:root:    K1:VIS-PR3_BF_DAMP_Y_INMON.LOLO: 5612.80224609
INFO:root:    V: 
INFO:root:    K1:VIS-PR3_BF_DAMP_V_INMON.HIHI: 507.543823242
INFO:root:    K1:VIS-PR3_BF_DAMP_V_INMON.HIGH: 447.543823242
INFO:root:    K1:VIS-PR3_BF_DAMP_V_INMON.LOW: 417.543823242
INFO:root:    K1:VIS-PR3_BF_DAMP_V_INMON.LOLO: 357.543823242
INFO:root:Updating SRM...
INFO:root:    P: 
INFO:root:    K1:VIS-SRM_IM_DAMP_P_INMON.HIHI: 3334.55444336
INFO:root:    K1:VIS-SRM_IM_DAMP_P_INMON.HIGH: 3254.55444336
INFO:root:    K1:VIS-SRM_IM_DAMP_P_INMON.LOW: 3214.55444336
INFO:root:    K1:VIS-SRM_IM_DAMP_P_INMON.LOLO: 3134.55444336
INFO:root:    Y: 
INFO:root:    K1:VIS-SRM_IM_DAMP_Y_INMON.HIHI: -5055.52148438
INFO:root:    K1:VIS-SRM_IM_DAMP_Y_INMON.HIGH: -5255.52148438
INFO:root:    K1:VIS-SRM_IM_DAMP_Y_INMON.LOW: -5355.52148438
INFO:root:    K1:VIS-SRM_IM_DAMP_Y_INMON.LOLO: -5555.52148438
INFO:root:    V: 
INFO:root:    K1:VIS-SRM_IM_DAMP_V_INMON.HIHI: -114.278182983
INFO:root:    K1:VIS-SRM_IM_DAMP_V_INMON.HIGH: -174.278182983
INFO:root:    K1:VIS-SRM_IM_DAMP_V_INMON.LOW: -204.278182983
INFO:root:    K1:VIS-SRM_IM_DAMP_V_INMON.LOLO: -264.278182983
INFO:root:Updating SR2...
INFO:root:    P: 
INFO:root:    K1:VIS-SR2_IM_DAMP_P_INMON.HIHI: 10.7951507568
INFO:root:    K1:VIS-SR2_IM_DAMP_P_INMON.HIGH: -69.2048492432
INFO:root:    K1:VIS-SR2_IM_DAMP_P_INMON.LOW: -109.204849243
INFO:root:    K1:VIS-SR2_IM_DAMP_P_INMON.LOLO: -189.204849243
INFO:root:    Y: 
INFO:root:    K1:VIS-SR2_IM_DAMP_Y_INMON.HIHI: 4152.16113281
INFO:root:    K1:VIS-SR2_IM_DAMP_Y_INMON.HIGH: 4032.16113281
INFO:root:    K1:VIS-SR2_IM_DAMP_Y_INMON.LOW: 3972.16113281
INFO:root:    K1:VIS-SR2_IM_DAMP_Y_INMON.LOLO: 3852.16113281
INFO:root:    V: 
INFO:root:    K1:VIS-SR2_IM_DAMP_V_INMON.HIHI: 158.251304626
INFO:root:    K1:VIS-SR2_IM_DAMP_V_INMON.HIGH: 58.2513046265
INFO:root:    K1:VIS-SR2_IM_DAMP_V_INMON.LOW: 8.25130462646
INFO:root:    K1:VIS-SR2_IM_DAMP_V_INMON.LOLO: -91.7486953735
INFO:root:Updating SR3...
INFO:root:    P: 
INFO:root:    K1:VIS-SR3_IM_DAMP_P_INMON.HIHI: 168.240356445
INFO:root:    K1:VIS-SR3_IM_DAMP_P_INMON.HIGH: 148.240356445
INFO:root:    K1:VIS-SR3_IM_DAMP_P_INMON.LOW: 138.240356445
INFO:root:    K1:VIS-SR3_IM_DAMP_P_INMON.LOLO: 118.240356445
INFO:root:    Y: 
INFO:root:    K1:VIS-SR3_IM_DAMP_Y_INMON.HIHI: 6478.27294922
INFO:root:    K1:VIS-SR3_IM_DAMP_Y_INMON.HIGH: 6458.27294922
INFO:root:    K1:VIS-SR3_IM_DAMP_Y_INMON.LOW: 6448.27294922
INFO:root:    K1:VIS-SR3_IM_DAMP_Y_INMON.LOLO: 6428.27294922
INFO:root:    V: 
INFO:root:    K1:VIS-SR3_IM_DAMP_V_INMON.HIHI: 650.460571289
INFO:root:    K1:VIS-SR3_IM_DAMP_V_INMON.HIGH: 590.460571289
INFO:root:    K1:VIS-SR3_IM_DAMP_V_INMON.LOW: 560.460571289
INFO:root:    K1:VIS-SR3_IM_DAMP_V_INMON.LOLO: 500.460571289
INFO:root:Updating ITMX...
INFO:root:    P: 
INFO:root:    K1:VIS-ITMX_BF_DAMP_P_INMON.HIHI: -451.513000488
INFO:root:    K1:VIS-ITMX_BF_DAMP_P_INMON.HIGH: -511.513000488
INFO:root:    K1:VIS-ITMX_BF_DAMP_P_INMON.LOW: -541.513000488
INFO:root:    K1:VIS-ITMX_BF_DAMP_P_INMON.LOLO: -601.513000488
INFO:root:    Y: 
INFO:root:    K1:VIS-ITMX_BF_DAMP_Y_INMON.HIHI: 144.953865051
INFO:root:    K1:VIS-ITMX_BF_DAMP_Y_INMON.HIGH: 124.953865051
INFO:root:    K1:VIS-ITMX_BF_DAMP_Y_INMON.LOW: 114.953865051
INFO:root:    K1:VIS-ITMX_BF_DAMP_Y_INMON.LOLO: 94.9538650513
INFO:root:    V: 
INFO:root:    K1:VIS-ITMX_BF_DAMP_V_INMON.HIHI: -398.777709961
INFO:root:    K1:VIS-ITMX_BF_DAMP_V_INMON.HIGH: -478.777709961
INFO:root:    K1:VIS-ITMX_BF_DAMP_V_INMON.LOW: -518.777709961
INFO:root:    K1:VIS-ITMX_BF_DAMP_V_INMON.LOLO: -598.777709961
INFO:root:Updating ITMY...
INFO:root:    P: 
INFO:root:    K1:VIS-ITMY_BF_DAMP_P_INMON.HIHI: -1788.54504395
INFO:root:    K1:VIS-ITMY_BF_DAMP_P_INMON.HIGH: -1848.54504395
INFO:root:    K1:VIS-ITMY_BF_DAMP_P_INMON.LOW: -1878.54504395
INFO:root:    K1:VIS-ITMY_BF_DAMP_P_INMON.LOLO: -1938.54504395
INFO:root:    Y: 
INFO:root:    K1:VIS-ITMY_BF_DAMP_Y_INMON.HIHI: -1568.08361816
INFO:root:    K1:VIS-ITMY_BF_DAMP_Y_INMON.HIGH: -1588.08361816
INFO:root:    K1:VIS-ITMY_BF_DAMP_Y_INMON.LOW: -1598.08361816
INFO:root:    K1:VIS-ITMY_BF_DAMP_Y_INMON.LOLO: -1618.08361816
INFO:root:    V: 
INFO:root:    K1:VIS-ITMY_BF_DAMP_V_INMON.HIHI: -648.549743652
INFO:root:    K1:VIS-ITMY_BF_DAMP_V_INMON.HIGH: -728.549743652
INFO:root:    K1:VIS-ITMY_BF_DAMP_V_INMON.LOW: -768.549743652
INFO:root:    K1:VIS-ITMY_BF_DAMP_V_INMON.LOLO: -848.549743652
INFO:root:Updating ETMX...
INFO:root:    P: 
INFO:root:    K1:VIS-ETMX_BF_DAMP_P_INMON.HIHI: -3818.06225586
INFO:root:    K1:VIS-ETMX_BF_DAMP_P_INMON.HIGH: -3878.06225586
INFO:root:    K1:VIS-ETMX_BF_DAMP_P_INMON.LOW: -3908.06225586
INFO:root:    K1:VIS-ETMX_BF_DAMP_P_INMON.LOLO: -3968.06225586
INFO:root:    Y: 
INFO:root:    K1:VIS-ETMX_BF_DAMP_Y_INMON.HIHI: -1385.43591309
INFO:root:    K1:VIS-ETMX_BF_DAMP_Y_INMON.HIGH: -1405.43591309
INFO:root:    K1:VIS-ETMX_BF_DAMP_Y_INMON.LOW: -1415.43591309
INFO:root:    K1:VIS-ETMX_BF_DAMP_Y_INMON.LOLO: -1435.43591309
INFO:root:    V: 
INFO:root:    K1:VIS-ETMX_BF_DAMP_V_INMON.HIHI: 4978.45410156
INFO:root:    K1:VIS-ETMX_BF_DAMP_V_INMON.HIGH: 4898.45410156
INFO:root:    K1:VIS-ETMX_BF_DAMP_V_INMON.LOW: 4858.45410156
INFO:root:    K1:VIS-ETMX_BF_DAMP_V_INMON.LOLO: 4778.45410156
INFO:root:Updating ETMY...
INFO:root:    P: 
INFO:root:    K1:VIS-ETMY_BF_DAMP_P_INMON.HIHI: -1826.76843262
INFO:root:    K1:VIS-ETMY_BF_DAMP_P_INMON.HIGH: -1886.76843262
INFO:root:    K1:VIS-ETMY_BF_DAMP_P_INMON.LOW: -1916.76843262
INFO:root:    K1:VIS-ETMY_BF_DAMP_P_INMON.LOLO: -1976.76843262
INFO:root:    Y: 
INFO:root:    K1:VIS-ETMY_BF_DAMP_Y_INMON.HIHI: -1456.80310059
INFO:root:    K1:VIS-ETMY_BF_DAMP_Y_INMON.HIGH: -1476.80310059
INFO:root:    K1:VIS-ETMY_BF_DAMP_Y_INMON.LOW: -1486.80310059
INFO:root:    K1:VIS-ETMY_BF_DAMP_Y_INMON.LOLO: -1506.80310059
INFO:root:    V: 
INFO:root:    K1:VIS-ETMY_BF_DAMP_V_INMON.HIHI: -3705.98999023
INFO:root:    K1:VIS-ETMY_BF_DAMP_V_INMON.HIGH: -3785.98999023
INFO:root:    K1:VIS-ETMY_BF_DAMP_V_INMON.LOW: -3825.98999023
INFO:root:    K1:VIS-ETMY_BF_DAMP_V_INMON.LOLO: -3905.98999023
INFO:root:Updating BS...
INFO:root:    P: 
INFO:root:    K1:VIS-BS_IM_DAMP_P_INMON.HIHI: 152.488471985
INFO:root:    K1:VIS-BS_IM_DAMP_P_INMON.HIGH: 72.4884719849
INFO:root:    K1:VIS-BS_IM_DAMP_P_INMON.LOW: 32.4884719849
INFO:root:    K1:VIS-BS_IM_DAMP_P_INMON.LOLO: -47.5115280151
INFO:root:    Y: 
INFO:root:    K1:VIS-BS_IM_DAMP_Y_INMON.HIHI: 771.556396484
INFO:root:    K1:VIS-BS_IM_DAMP_Y_INMON.HIGH: 751.556396484
INFO:root:    K1:VIS-BS_IM_DAMP_Y_INMON.LOW: 741.556396484
INFO:root:    K1:VIS-BS_IM_DAMP_Y_INMON.LOLO: 721.556396484
INFO:root:    V: 
INFO:root:    K1:VIS-BS_IM_DAMP_V_INMON.HIHI: 270.345108032
INFO:root:    K1:VIS-BS_IM_DAMP_V_INMON.HIGH: 190.345108032
INFO:root:    K1:VIS-BS_IM_DAMP_V_INMON.LOW: 150.345108032
INFO:root:    K1:VIS-BS_IM_DAMP_V_INMON.LOLO: 70.3451080322
INFO:root:Update completed successfully
