INFO:root:Start time: 1232351511.37
INFO:root:Duration: 10.0
INFO:root:Connected to NDS host k1nds1:8088
INFO:root:Updating BS...
INFO:root:    P: 
INFO:root:    K1:VIS-PRM_TM_DAMP_P_INMON.HIHI: 100.0
INFO:root:    K1:VIS-PRM_TM_DAMP_P_INMON.HIGH: 20.0
INFO:root:    K1:VIS-PRM_TM_DAMP_P_INMON.LOW: -20.0
INFO:root:    K1:VIS-PRM_TM_DAMP_P_INMON.LOLO: -100.0
INFO:root:    Y: 
INFO:root:    K1:VIS-PRM_TM_DAMP_Y_INMON.HIHI: 100.0
INFO:root:    K1:VIS-PRM_TM_DAMP_Y_INMON.HIGH: 20.0
INFO:root:    K1:VIS-PRM_TM_DAMP_Y_INMON.LOW: -20.0
INFO:root:    K1:VIS-PRM_TM_DAMP_Y_INMON.LOLO: -100.0
INFO:root:    L: 
INFO:root:    K1:VIS-PRM_TM_DAMP_L_INMON.HIHI: 82.29948043823242
INFO:root:    K1:VIS-PRM_TM_DAMP_L_INMON.HIGH: 2.299480438232422
INFO:root:    K1:VIS-PRM_TM_DAMP_L_INMON.LOW: -37.70051956176758
INFO:root:    K1:VIS-PRM_TM_DAMP_L_INMON.LOLO: -117.70051956176758
INFO:root:Update completed successfully
