INFO:root:Start time: 1232246314.0
INFO:root:Duration: 5.0
INFO:root:Connected to NDS host k1nds1:8088
INFO:root:Updating PR3...
INFO:root:    P: 
INFO:root:    K1:VIS-PR3_BF_DAMP_P_INMON.HIHI: -971.5011596679688
INFO:root:    K1:VIS-PR3_BF_DAMP_P_INMON.HIGH: -991.5011596679688
INFO:root:    K1:VIS-PR3_BF_DAMP_P_INMON.LOW: -1001.5011596679688
INFO:root:    K1:VIS-PR3_BF_DAMP_P_INMON.LOLO: -1021.5011596679688
INFO:root:    Y: 
INFO:root:    K1:VIS-PR3_BF_DAMP_Y_INMON.HIHI: 5714.5400390625
INFO:root:    K1:VIS-PR3_BF_DAMP_Y_INMON.HIGH: 5694.5400390625
INFO:root:    K1:VIS-PR3_BF_DAMP_Y_INMON.LOW: 5684.5400390625
INFO:root:    K1:VIS-PR3_BF_DAMP_Y_INMON.LOLO: 5664.5400390625
INFO:root:    V: 
INFO:root:    K1:VIS-PR3_BF_DAMP_V_INMON.HIHI: 514.8418884277344
INFO:root:    K1:VIS-PR3_BF_DAMP_V_INMON.HIGH: 454.8418884277344
INFO:root:    K1:VIS-PR3_BF_DAMP_V_INMON.LOW: 424.8418884277344
INFO:root:    K1:VIS-PR3_BF_DAMP_V_INMON.LOLO: 364.8418884277344
INFO:root:Update completed successfully
