INFO:root:Start time: 1232344474
INFO:root:Duration: 10
INFO:root:Connected to NDS host k1nds1:8088
INFO:root:Updating PRM...
INFO:root:    P: 
INFO:root:    K1:VIS-PRM_BF_DAMP_P_INMON.HIHI: 5407.6533203125
INFO:root:    K1:VIS-PRM_BF_DAMP_P_INMON.HIGH: 5327.6533203125
INFO:root:    K1:VIS-PRM_BF_DAMP_P_INMON.LOW: 5287.6533203125
INFO:root:    K1:VIS-PRM_BF_DAMP_P_INMON.LOLO: 5207.6533203125
INFO:root:    Y: 
INFO:root:    K1:VIS-PRM_BF_DAMP_Y_INMON.HIHI: 1493.704833984375
INFO:root:    K1:VIS-PRM_BF_DAMP_Y_INMON.HIGH: 1433.704833984375
INFO:root:    K1:VIS-PRM_BF_DAMP_Y_INMON.LOW: 1403.704833984375
INFO:root:    K1:VIS-PRM_BF_DAMP_Y_INMON.LOLO: 1343.704833984375
INFO:root:    V: 
INFO:root:    K1:VIS-PRM_BF_DAMP_V_INMON.HIHI: 1485.524169921875
INFO:root:    K1:VIS-PRM_BF_DAMP_V_INMON.HIGH: 1425.524169921875
INFO:root:    K1:VIS-PRM_BF_DAMP_V_INMON.LOW: 1395.524169921875
INFO:root:    K1:VIS-PRM_BF_DAMP_V_INMON.LOLO: 1335.524169921875
INFO:root:Update completed successfully
INFO:root:Start time: 1232344474
INFO:root:Duration: 10
INFO:root:Connected to NDS host k1nds1:8088
INFO:root:Updating PRM...
INFO:root:    P: 
INFO:root:    K1:VIS-PRM_BF_DAMP_P_INMON.HIHI: 5407.6533203125
INFO:root:    K1:VIS-PRM_BF_DAMP_P_INMON.HIGH: 5327.6533203125
INFO:root:    K1:VIS-PRM_BF_DAMP_P_INMON.LOW: 5287.6533203125
INFO:root:    K1:VIS-PRM_BF_DAMP_P_INMON.LOLO: 5207.6533203125
INFO:root:    Y: 
INFO:root:    K1:VIS-PRM_BF_DAMP_Y_INMON.HIHI: 1493.704833984375
INFO:root:    K1:VIS-PRM_BF_DAMP_Y_INMON.HIGH: 1433.704833984375
INFO:root:    K1:VIS-PRM_BF_DAMP_Y_INMON.LOW: 1403.704833984375
INFO:root:    K1:VIS-PRM_BF_DAMP_Y_INMON.LOLO: 1343.704833984375
INFO:root:    V: 
INFO:root:    K1:VIS-PRM_BF_DAMP_V_INMON.HIHI: 1485.524169921875
INFO:root:    K1:VIS-PRM_BF_DAMP_V_INMON.HIGH: 1425.524169921875
INFO:root:    K1:VIS-PRM_BF_DAMP_V_INMON.LOW: 1395.524169921875
INFO:root:    K1:VIS-PRM_BF_DAMP_V_INMON.LOLO: 1335.524169921875
INFO:root:Update completed successfully
