INFO:root:Start time: 1227291459.0
INFO:root:Duration: 900.0
INFO:root:Connected to NDS host k1nds1:8088
INFO:root:Updating PR2...
INFO:root:    P: 
INFO:root:    K1:VIS-PR2_BF_DAMP_P_INMON.HIHI: -2785.43603516
INFO:root:    K1:VIS-PR2_BF_DAMP_P_INMON.HIGH: -2905.43603516
INFO:root:    K1:VIS-PR2_BF_DAMP_P_INMON.LOW: -2965.43603516
INFO:root:    K1:VIS-PR2_BF_DAMP_P_INMON.LOLO: -3085.43603516
INFO:root:    Y: 
INFO:root:    K1:VIS-PR2_BF_DAMP_Y_INMON.HIHI: -2124.8762207
INFO:root:    K1:VIS-PR2_BF_DAMP_Y_INMON.HIGH: -2224.8762207
INFO:root:    K1:VIS-PR2_BF_DAMP_Y_INMON.LOW: -2274.8762207
INFO:root:    K1:VIS-PR2_BF_DAMP_Y_INMON.LOLO: -2374.8762207
INFO:root:    V: 
INFO:root:    K1:VIS-PR2_BF_DAMP_V_INMON.HIHI: -1625.31311035
INFO:root:    K1:VIS-PR2_BF_DAMP_V_INMON.HIGH: -1685.31311035
INFO:root:    K1:VIS-PR2_BF_DAMP_V_INMON.LOW: -1715.31311035
INFO:root:    K1:VIS-PR2_BF_DAMP_V_INMON.LOLO: -1775.31311035
INFO:root:Update completed successfully
