INFO:root:Start time: 1235816988.0
INFO:root:Duration: 2.0
INFO:root:Connected to NDS host k1nds1:8088
INFO:root:Updating BS...
INFO:root:    TILT_PIT: 
INFO:root:    K1:VIS-PR3_TM_OPLEV_TILT_PIT_OUTPUT.HIHI: 114.15209197998047
INFO:root:    K1:VIS-PR3_TM_OPLEV_TILT_PIT_OUTPUT.HIGH: 34.15209197998047
INFO:root:    K1:VIS-PR3_TM_OPLEV_TILT_PIT_OUTPUT.LOW: -5.847908020019531
INFO:root:    K1:VIS-PR3_TM_OPLEV_TILT_PIT_OUTPUT.LOLO: -85.84790802001953
INFO:root:    TILT_YAW: 
INFO:root:    K1:VIS-PR3_TM_OPLEV_TILT_YAW_OUTPUT.HIHI: 309.0855407714844
INFO:root:    K1:VIS-PR3_TM_OPLEV_TILT_YAW_OUTPUT.HIGH: 229.08554077148438
INFO:root:    K1:VIS-PR3_TM_OPLEV_TILT_YAW_OUTPUT.LOW: 189.08554077148438
INFO:root:    K1:VIS-PR3_TM_OPLEV_TILT_YAW_OUTPUT.LOLO: 109.08554077148438
INFO:root:Update completed successfully
INFO:root:Start time: 1235816988.0
INFO:root:Duration: 2.0
INFO:root:Connected to NDS host k1nds1:8088
INFO:root:Updating BS...
INFO:root:    TILT_PIT: 
INFO:root:    K1:VIS-PRM_TM_OPLEV_TILT_PIT_OUTPUT.HIHI: 85.23205184936523
INFO:root:    K1:VIS-PRM_TM_OPLEV_TILT_PIT_OUTPUT.HIGH: 5.232051849365234
INFO:root:    K1:VIS-PRM_TM_OPLEV_TILT_PIT_OUTPUT.LOW: -34.767948150634766
INFO:root:    K1:VIS-PRM_TM_OPLEV_TILT_PIT_OUTPUT.LOLO: -114.76794815063477
INFO:root:    TILT_YAW: 
INFO:root:    K1:VIS-PRM_TM_OPLEV_TILT_YAW_OUTPUT.HIHI: 69.79421424865723
INFO:root:    K1:VIS-PRM_TM_OPLEV_TILT_YAW_OUTPUT.HIGH: -10.205785751342773
INFO:root:    K1:VIS-PRM_TM_OPLEV_TILT_YAW_OUTPUT.LOW: -50.20578575134277
INFO:root:    K1:VIS-PRM_TM_OPLEV_TILT_YAW_OUTPUT.LOLO: -130.20578575134277
INFO:root:Update completed successfully
